0 verbose cli [
0 verbose cli   '/usr/local/bin/node',
0 verbose cli   '/usr/local/bin/npm',
0 verbose cli   'config',
0 verbose cli   'get',
0 verbose cli   'prefix'
0 verbose cli ]
1 info using npm@8.3.1
2 info using node@v16.14.0
3 timing npm:load:whichnode Completed in 0ms
4 timing config:load:defaults Completed in 1ms
5 timing config:load:file:/usr/local/lib/node_modules/npm/npmrc Completed in 3ms
6 timing config:load:builtin Completed in 4ms
7 timing config:load:cli Completed in 2ms
8 timing config:load:env Completed in 1ms
9 timing config:load:project Completed in 11ms
10 timing config:load:file:/Users/euramon/.npmrc Completed in 2ms
11 timing config:load:user Completed in 2ms
12 timing config:load:file:/Users/euramon/.npm-global/etc/npmrc Completed in 3ms
13 timing config:load:global Completed in 3ms
14 timing config:load:validate Completed in 0ms
15 timing config:load:credentials Completed in 3ms
16 timing config:load:setEnvs Completed in 0ms
17 timing config:load Completed in 30ms
18 timing npm:load:configload Completed in 30ms
19 timing npm:load:setTitle Completed in 105ms
20 timing config:load:flatten Completed in 45ms
21 timing npm:load:display Completed in 48ms
22 verbose logfile /Users/euramon/Documents/study/dcode_portfolio/business/C:tmpnodejsnpm-cache/_logs/2022-04-28T00_02_10_030Z-debug-0.log
23 timing npm:load:logFile Completed in 14ms
24 timing npm:load:timers Completed in 0ms
25 timing npm:load:configScope Completed in 0ms
26 timing npm:load Completed in 198ms
27 timing command:config Completed in 2ms
28 verbose exit 0
29 timing npm Completed in 1360ms
30 info ok
