0 verbose cli [
0 verbose cli   '/usr/local/bin/node',
0 verbose cli   '/usr/local/bin/npm',
0 verbose cli   'config',
0 verbose cli   'get',
0 verbose cli   'prefix'
0 verbose cli ]
1 info using npm@8.3.1
2 info using node@v16.14.0
3 timing npm:load:whichnode Completed in 0ms
4 timing config:load:defaults Completed in 1ms
5 timing config:load:file:/usr/local/lib/node_modules/npm/npmrc Completed in 10ms
6 timing config:load:builtin Completed in 10ms
7 timing config:load:cli Completed in 4ms
8 timing config:load:env Completed in 1ms
9 timing config:load:project Completed in 17ms
10 timing config:load:file:/Users/euramon/.npmrc Completed in 6ms
11 timing config:load:user Completed in 6ms
12 timing config:load:file:/Users/euramon/.npm-global/etc/npmrc Completed in 13ms
13 timing config:load:global Completed in 13ms
14 timing config:load:validate Completed in 17ms
15 timing config:load:credentials Completed in 15ms
16 timing config:load:setEnvs Completed in 1ms
17 timing config:load Completed in 88ms
18 timing npm:load:configload Completed in 88ms
19 timing npm:load:setTitle Completed in 37ms
20 timing config:load:flatten Completed in 5ms
21 timing npm:load:display Completed in 9ms
22 verbose logfile /Users/euramon/Documents/study/dcode_portfolio/business/C:tmpnodejsnpm-cache/_logs/2022-04-27T06_43_14_254Z-debug-0.log
23 timing npm:load:logFile Completed in 37ms
24 timing npm:load:timers Completed in 0ms
25 timing npm:load:configScope Completed in 0ms
26 timing npm:load Completed in 173ms
27 timing command:config Completed in 2ms
28 verbose exit 0
29 timing npm Completed in 856ms
30 info ok
