0 verbose cli [
0 verbose cli   '/usr/local/bin/node',
0 verbose cli   '/usr/local/bin/npm',
0 verbose cli   'install',
0 verbose cli   '-g',
0 verbose cli   'browser-sync'
0 verbose cli ]
1 info using npm@8.3.1
2 info using node@v16.14.0
3 timing npm:load:whichnode Completed in 0ms
4 timing config:load:defaults Completed in 1ms
5 timing config:load:file:/usr/local/lib/node_modules/npm/npmrc Completed in 2ms
6 timing config:load:builtin Completed in 2ms
7 timing config:load:cli Completed in 2ms
8 timing config:load:env Completed in 1ms
9 timing config:load:project Completed in 2ms
10 timing config:load:file:/Users/euramon/.npmrc Completed in 3ms
11 timing config:load:user Completed in 3ms
12 timing config:load:file:/Users/euramon/.npm-global/etc/npmrc Completed in 0ms
13 timing config:load:global Completed in 0ms
14 timing config:load:validate Completed in 1ms
15 timing config:load:credentials Completed in 1ms
16 timing config:load:setEnvs Completed in 0ms
17 timing config:load Completed in 14ms
18 timing npm:load:configload Completed in 16ms
19 timing npm:load:setTitle Completed in 18ms
20 timing config:load:flatten Completed in 3ms
21 timing npm:load:display Completed in 4ms
22 verbose logfile /Users/euramon/Documents/study/dcode_portfolio/business/C:tmpnodejsnpm-cache/_logs/2022-04-28T07_38_23_666Z-debug-0.log
23 timing npm:load:logFile Completed in 10ms
24 timing npm:load:timers Completed in 0ms
25 timing npm:load:configScope Completed in 0ms
26 timing npm:load Completed in 50ms
27 timing arborist:ctor Completed in 0ms
28 silly logfile start cleaning logs, removing 15 files
29 timing idealTree:init Completed in 5ms
30 timing idealTree:userRequests Completed in 2ms
31 silly idealTree buildDeps
32 silly fetch manifest browser-sync@*
33 http fetch GET 200 https://registry.npmjs.org/browser-sync 790ms (cache revalidated)
34 silly placeDep ROOT browser-sync@2.27.9 OK for:  want: *
35 silly fetch manifest browser-sync-client@^2.27.9
36 silly fetch manifest browser-sync-ui@^2.27.9
37 silly fetch manifest bs-recipes@1.3.4
38 silly fetch manifest bs-snippet-injector@^2.0.1
39 silly fetch manifest chokidar@^3.5.1
40 silly fetch manifest connect@3.6.6
41 silly fetch manifest connect-history-api-fallback@^1
42 silly fetch manifest dev-ip@^1.0.1
43 silly fetch manifest easy-extender@^2.3.4
44 silly fetch manifest eazy-logger@3.1.0
45 silly fetch manifest etag@^1.8.1
46 silly fetch manifest fresh@^0.5.2
47 silly fetch manifest fs-extra@3.0.1
48 silly fetch manifest http-proxy@^1.18.1
49 silly fetch manifest immutable@^3
50 silly fetch manifest localtunnel@^2.0.1
51 silly fetch manifest micromatch@^4.0.2
52 silly fetch manifest opn@5.3.0
53 silly fetch manifest portscanner@2.1.1
54 silly fetch manifest qs@6.2.3
55 silly fetch manifest raw-body@^2.3.2
56 silly fetch manifest resp-modifier@6.0.2
57 silly fetch manifest rx@4.1.0
58 silly fetch manifest send@0.16.2
59 silly fetch manifest serve-index@1.9.1
60 silly fetch manifest serve-static@1.13.2
61 silly fetch manifest server-destroy@1.0.1
62 silly fetch manifest socket.io@^4.4.1
63 silly fetch manifest ua-parser-js@1.0.2
64 silly fetch manifest yargs@^17.3.1
65 http fetch GET 200 https://registry.npmjs.org/browser-sync-client 127ms (cache revalidated)
66 http fetch GET 200 https://registry.npmjs.org/qs 142ms (cache revalidated)
67 http fetch GET 200 https://registry.npmjs.org/dev-ip 170ms (cache revalidated)
68 http fetch GET 200 https://registry.npmjs.org/browser-sync-ui 186ms (cache revalidated)
69 http fetch GET 200 https://registry.npmjs.org/bs-recipes 202ms (cache revalidated)
70 http fetch GET 200 https://registry.npmjs.org/etag 201ms (cache revalidated)
71 http fetch GET 200 https://registry.npmjs.org/localtunnel 264ms (cache revalidated)
72 http fetch GET 200 https://registry.npmjs.org/easy-extender 269ms (cache revalidated)
73 http fetch GET 200 https://registry.npmjs.org/portscanner 265ms (cache revalidated)
74 http fetch GET 200 https://registry.npmjs.org/eazy-logger 271ms (cache revalidated)
75 http fetch GET 200 https://registry.npmjs.org/raw-body 266ms (cache revalidated)
76 http fetch GET 200 https://registry.npmjs.org/send 282ms (cache revalidated)
77 http fetch GET 200 https://registry.npmjs.org/micromatch 287ms (cache revalidated)
78 http fetch GET 200 https://registry.npmjs.org/opn 288ms (cache revalidated)
79 http fetch GET 200 https://registry.npmjs.org/serve-index 286ms (cache revalidated)
80 http fetch GET 200 https://registry.npmjs.org/serve-static 286ms (cache revalidated)
81 http fetch GET 200 https://registry.npmjs.org/resp-modifier 292ms (cache revalidated)
82 http fetch GET 200 https://registry.npmjs.org/chokidar 303ms (cache revalidated)
83 http fetch GET 200 https://registry.npmjs.org/bs-snippet-injector 307ms (cache revalidated)
84 http fetch GET 200 https://registry.npmjs.org/fresh 304ms (cache revalidated)
85 http fetch GET 200 https://registry.npmjs.org/server-destroy 297ms (cache revalidated)
86 http fetch GET 200 https://registry.npmjs.org/ua-parser-js 298ms (cache revalidated)
87 http fetch GET 200 https://registry.npmjs.org/connect 313ms (cache updated)
88 http fetch GET 200 https://registry.npmjs.org/http-proxy 315ms (cache updated)
89 http fetch GET 200 https://registry.npmjs.org/connect-history-api-fallback 320ms (cache updated)
90 http fetch GET 200 https://registry.npmjs.org/yargs 308ms (cache updated)
91 http fetch GET 200 https://registry.npmjs.org/fs-extra 322ms (cache updated)
92 http fetch GET 200 https://registry.npmjs.org/socket.io 316ms (cache updated)
93 http fetch GET 200 https://registry.npmjs.org/immutable 339ms (cache revalidated)
94 http fetch GET 200 https://registry.npmjs.org/rx 874ms (cache revalidated)
95 timing idealTree:#root Completed in 1706ms
96 silly placeDep node_modules/browser-sync browser-sync-client@2.27.9 OK for: browser-sync@2.27.9 want: ^2.27.9
97 silly placeDep node_modules/browser-sync browser-sync-ui@2.27.9 OK for: browser-sync@2.27.9 want: ^2.27.9
98 silly placeDep node_modules/browser-sync bs-recipes@1.3.4 OK for: browser-sync@2.27.9 want: 1.3.4
99 silly placeDep node_modules/browser-sync bs-snippet-injector@2.0.1 OK for: browser-sync@2.27.9 want: ^2.0.1
100 silly placeDep node_modules/browser-sync chokidar@3.5.3 OK for: browser-sync@2.27.9 want: ^3.5.1
101 silly placeDep node_modules/browser-sync connect@3.6.6 OK for: browser-sync@2.27.9 want: 3.6.6
102 silly placeDep node_modules/browser-sync connect-history-api-fallback@1.6.0 OK for: browser-sync@2.27.9 want: ^1
103 silly placeDep node_modules/browser-sync dev-ip@1.0.1 OK for: browser-sync@2.27.9 want: ^1.0.1
104 silly placeDep node_modules/browser-sync easy-extender@2.3.4 OK for: browser-sync@2.27.9 want: ^2.3.4
105 silly placeDep node_modules/browser-sync eazy-logger@3.1.0 OK for: browser-sync@2.27.9 want: 3.1.0
106 silly placeDep node_modules/browser-sync etag@1.8.1 OK for: browser-sync@2.27.9 want: ^1.8.1
107 silly placeDep node_modules/browser-sync fresh@0.5.2 OK for: browser-sync@2.27.9 want: ^0.5.2
108 silly placeDep node_modules/browser-sync fs-extra@3.0.1 OK for: browser-sync@2.27.9 want: 3.0.1
109 silly placeDep node_modules/browser-sync http-proxy@1.18.1 OK for: browser-sync@2.27.9 want: ^1.18.1
110 silly placeDep node_modules/browser-sync immutable@3.8.2 OK for: browser-sync@2.27.9 want: ^3
111 silly placeDep node_modules/browser-sync localtunnel@2.0.2 OK for: browser-sync@2.27.9 want: ^2.0.1
112 silly placeDep node_modules/browser-sync micromatch@4.0.5 OK for: browser-sync@2.27.9 want: ^4.0.2
113 silly placeDep node_modules/browser-sync opn@5.3.0 OK for: browser-sync@2.27.9 want: 5.3.0
114 silly placeDep node_modules/browser-sync portscanner@2.1.1 OK for: browser-sync@2.27.9 want: 2.1.1
115 silly placeDep node_modules/browser-sync qs@6.2.3 OK for: browser-sync@2.27.9 want: 6.2.3
116 silly placeDep node_modules/browser-sync raw-body@2.5.1 OK for: browser-sync@2.27.9 want: ^2.3.2
117 silly placeDep node_modules/browser-sync resp-modifier@6.0.2 OK for: browser-sync@2.27.9 want: 6.0.2
118 silly placeDep node_modules/browser-sync rx@4.1.0 OK for: browser-sync@2.27.9 want: 4.1.0
119 silly placeDep node_modules/browser-sync send@0.16.2 OK for: browser-sync@2.27.9 want: 0.16.2
120 silly placeDep node_modules/browser-sync serve-index@1.9.1 OK for: browser-sync@2.27.9 want: 1.9.1
121 silly placeDep node_modules/browser-sync serve-static@1.13.2 OK for: browser-sync@2.27.9 want: 1.13.2
122 silly placeDep node_modules/browser-sync server-destroy@1.0.1 OK for: browser-sync@2.27.9 want: 1.0.1
123 silly placeDep node_modules/browser-sync socket.io@4.5.0 OK for: browser-sync@2.27.9 want: ^4.4.1
124 silly placeDep node_modules/browser-sync ua-parser-js@1.0.2 OK for: browser-sync@2.27.9 want: 1.0.2
125 silly placeDep node_modules/browser-sync yargs@17.4.1 OK for: browser-sync@2.27.9 want: ^17.3.1
126 silly fetch manifest mitt@^1.1.3
127 silly fetch manifest rxjs@^5.5.6
128 silly fetch manifest async-each-series@0.1.1
129 silly fetch manifest socket.io-client@^4.4.1
130 silly fetch manifest stream-throttle@^0.1.3
131 silly fetch manifest anymatch@~3.1.2
132 silly fetch manifest braces@~3.0.2
133 silly fetch manifest glob-parent@~5.1.2
134 silly fetch manifest is-binary-path@~2.1.0
135 silly fetch manifest is-glob@~4.0.1
136 silly fetch manifest normalize-path@~3.0.0
137 silly fetch manifest readdirp@~3.6.0
138 silly fetch manifest fsevents@~2.3.2
139 silly fetch manifest debug@2.6.9
140 silly fetch manifest finalhandler@1.1.0
141 silly fetch manifest parseurl@~1.3.2
142 silly fetch manifest utils-merge@1.0.1
143 silly fetch manifest lodash@^4.17.10
144 silly fetch manifest tfunk@^4.0.0
145 silly fetch manifest graceful-fs@^4.1.2
146 silly fetch manifest jsonfile@^3.0.0
147 silly fetch manifest universalify@^0.1.0
148 silly fetch manifest eventemitter3@^4.0.0
149 silly fetch manifest requires-port@^1.0.0
150 silly fetch manifest follow-redirects@^1.0.0
151 silly fetch manifest axios@0.21.4
152 silly fetch manifest debug@4.3.2
153 silly fetch manifest openurl@1.1.1
154 silly fetch manifest yargs@17.1.1
155 silly fetch manifest braces@^3.0.2
156 silly fetch manifest picomatch@^2.3.1
157 silly fetch manifest is-wsl@^1.1.0
158 silly fetch manifest async@1.5.2
159 silly fetch manifest is-number-like@^1.0.3
160 silly fetch manifest bytes@3.1.2
161 silly fetch manifest http-errors@2.0.0
162 silly fetch manifest iconv-lite@0.4.24
163 silly fetch manifest unpipe@1.0.0
164 silly fetch manifest debug@^2.2.0
165 silly fetch manifest minimatch@^3.0.2
166 silly fetch manifest depd@~1.1.2
167 silly fetch manifest destroy@~1.0.4
168 silly fetch manifest encodeurl@~1.0.2
169 silly fetch manifest escape-html@~1.0.3
170 silly fetch manifest http-errors@~1.6.2
171 silly fetch manifest mime@1.4.1
172 silly fetch manifest ms@2.0.0
173 silly fetch manifest on-finished@~2.3.0
174 silly fetch manifest range-parser@~1.2.0
175 silly fetch manifest statuses@~1.4.0
176 silly fetch manifest accepts@~1.3.4
177 silly fetch manifest batch@0.6.1
178 silly fetch manifest mime-types@~2.1.17
179 silly fetch manifest base64id@~2.0.0
180 silly fetch manifest debug@~4.3.2
181 silly fetch manifest engine.io@~6.2.0
182 silly fetch manifest socket.io-adapter@~2.4.0
183 silly fetch manifest socket.io-parser@~4.0.4
184 silly fetch manifest cliui@^7.0.2
185 silly fetch manifest escalade@^3.1.1
186 silly fetch manifest get-caller-file@^2.0.5
187 silly fetch manifest require-directory@^2.1.1
188 silly fetch manifest string-width@^4.2.3
189 silly fetch manifest y18n@^5.0.5
190 silly fetch manifest yargs-parser@^21.0.0
191 http fetch GET 200 https://registry.npmjs.org/eventemitter3 158ms (cache revalidated)
192 http fetch GET 200 https://registry.npmjs.org/rxjs 178ms (cache revalidated)
193 http fetch GET 200 https://registry.npmjs.org/anymatch 181ms (cache revalidated)
194 http fetch GET 200 https://registry.npmjs.org/stream-throttle 183ms (cache revalidated)
195 http fetch GET 200 https://registry.npmjs.org/finalhandler 174ms (cache revalidated)
196 http fetch GET 200 https://registry.npmjs.org/graceful-fs 172ms (cache revalidated)
197 http fetch GET 200 https://registry.npmjs.org/fsevents 177ms (cache revalidated)
198 http fetch GET 200 https://registry.npmjs.org/is-glob 180ms (cache revalidated)
199 http fetch GET 200 https://registry.npmjs.org/glob-parent 186ms (cache revalidated)
200 http fetch GET 200 https://registry.npmjs.org/async-each-series 190ms (cache revalidated)
201 http fetch GET 200 https://registry.npmjs.org/utils-merge 178ms (cache revalidated)
202 http fetch GET 200 https://registry.npmjs.org/parseurl 179ms (cache revalidated)
203 http fetch GET 200 https://registry.npmjs.org/readdirp 193ms (cache revalidated)
204 http fetch GET 200 https://registry.npmjs.org/follow-redirects 185ms (cache revalidated)
205 http fetch GET 200 https://registry.npmjs.org/debug 203ms (cache revalidated)
206 http fetch GET 200 https://registry.npmjs.org/universalify 211ms (cache revalidated)
207 http fetch GET 200 https://registry.npmjs.org/socket.io-client 228ms (cache updated)
208 http fetch GET 200 https://registry.npmjs.org/requires-port 229ms (cache revalidated)
209 http fetch GET 200 https://registry.npmjs.org/normalize-path 239ms (cache revalidated)
210 http fetch GET 200 https://registry.npmjs.org/openurl 228ms (cache revalidated)
211 http fetch GET 200 https://registry.npmjs.org/picomatch 228ms (cache revalidated)
212 http fetch GET 200 https://registry.npmjs.org/mitt 253ms (cache revalidated)
213 http fetch GET 200 https://registry.npmjs.org/tfunk 237ms (cache revalidated)
214 http fetch GET 200 https://registry.npmjs.org/is-number-like 228ms (cache revalidated)
215 http fetch GET 200 https://registry.npmjs.org/is-binary-path 243ms (cache revalidated)
216 http fetch GET 200 https://registry.npmjs.org/is-wsl 233ms (cache revalidated)
217 http fetch GET 200 https://registry.npmjs.org/jsonfile 241ms (cache revalidated)
218 http fetch GET 200 https://registry.npmjs.org/http-errors 233ms (cache revalidated)
219 http fetch GET 200 https://registry.npmjs.org/iconv-lite 235ms (cache revalidated)
220 http fetch GET 200 https://registry.npmjs.org/braces 261ms (cache revalidated)
221 http fetch GET 200 https://registry.npmjs.org/bytes 250ms (cache revalidated)
222 http fetch GET 200 https://registry.npmjs.org/on-finished 249ms (cache revalidated)
223 http fetch GET 200 https://registry.npmjs.org/unpipe 256ms (cache revalidated)
224 http fetch GET 200 https://registry.npmjs.org/destroy 255ms (cache revalidated)
225 http fetch GET 200 https://registry.npmjs.org/encodeurl 261ms (cache revalidated)
226 http fetch GET 200 https://registry.npmjs.org/accepts 258ms (cache revalidated)
227 http fetch GET 200 https://registry.npmjs.org/depd 263ms (cache revalidated)
228 http fetch GET 200 https://registry.npmjs.org/batch 259ms (cache revalidated)
229 http fetch GET 200 https://registry.npmjs.org/cliui 254ms (cache revalidated)
230 http fetch GET 200 https://registry.npmjs.org/range-parser 262ms (cache revalidated)
231 http fetch GET 200 https://registry.npmjs.org/statuses 262ms (cache revalidated)
232 http fetch GET 200 https://registry.npmjs.org/escape-html 265ms (cache revalidated)
233 http fetch GET 200 https://registry.npmjs.org/base64id 261ms (cache revalidated)
234 http fetch GET 200 https://registry.npmjs.org/mime-types 267ms (cache revalidated)
235 http fetch GET 200 https://registry.npmjs.org/get-caller-file 261ms (cache revalidated)
236 http fetch GET 200 https://registry.npmjs.org/string-width 261ms (cache revalidated)
237 http fetch GET 200 https://registry.npmjs.org/require-directory 262ms (cache revalidated)
238 http fetch GET 200 https://registry.npmjs.org/socket.io-adapter 268ms (cache revalidated)
239 http fetch GET 200 https://registry.npmjs.org/escalade 266ms (cache revalidated)
240 http fetch GET 200 https://registry.npmjs.org/engine.io 270ms (cache revalidated)
241 http fetch GET 200 https://registry.npmjs.org/socket.io-parser 270ms (cache revalidated)
242 http fetch GET 200 https://registry.npmjs.org/yargs-parser 262ms (cache revalidated)
243 http fetch GET 200 https://registry.npmjs.org/axios 290ms (cache updated)
244 http fetch GET 200 https://registry.npmjs.org/lodash 298ms (cache updated)
245 http fetch GET 200 https://registry.npmjs.org/ms 282ms (cache updated)
246 http fetch GET 200 https://registry.npmjs.org/async 291ms (cache updated)
247 http fetch GET 200 https://registry.npmjs.org/y18n 268ms (cache revalidated)
248 http fetch GET 200 https://registry.npmjs.org/mime 287ms (cache updated)
249 http fetch GET 200 https://registry.npmjs.org/minimatch 291ms (cache updated)
250 timing idealTree:node_modules/browser-sync Completed in 370ms
251 silly placeDep node_modules/browser-sync mitt@1.2.0 OK for: browser-sync-client@2.27.9 want: ^1.1.3
252 silly placeDep node_modules/browser-sync rxjs@5.5.12 OK for: browser-sync-client@2.27.9 want: ^5.5.6
253 silly fetch manifest symbol-observable@1.0.1
254 http fetch GET 200 https://registry.npmjs.org/symbol-observable 36ms (cache revalidated)
255 timing idealTree:node_modules/browser-sync/node_modules/browser-sync-client Completed in 40ms
256 silly placeDep node_modules/browser-sync async-each-series@0.1.1 OK for: browser-sync-ui@2.27.9 want: 0.1.1
257 silly placeDep node_modules/browser-sync socket.io-client@4.5.0 OK for: browser-sync-ui@2.27.9 want: ^4.4.1
258 silly placeDep node_modules/browser-sync stream-throttle@0.1.3 OK for: browser-sync-ui@2.27.9 want: ^0.1.3
259 silly fetch manifest @socket.io/component-emitter@~3.1.0
260 silly fetch manifest engine.io-client@~6.2.1
261 silly fetch manifest socket.io-parser@~4.2.0
262 silly fetch manifest commander@^2.2.0
263 silly fetch manifest limiter@^1.0.5
264 http fetch GET 200 https://registry.npmjs.org/limiter 42ms (cache revalidated)
265 http fetch GET 200 https://registry.npmjs.org/engine.io-client 46ms (cache revalidated)
266 http fetch GET 200 https://registry.npmjs.org/commander 53ms (cache updated)
267 http fetch GET 200 https://registry.npmjs.org/@socket.io%2fcomponent-emitter 71ms (cache revalidated)
268 timing idealTree:node_modules/browser-sync/node_modules/browser-sync-ui Completed in 77ms
269 timing idealTree:node_modules/browser-sync/node_modules/async-each-series Completed in 0ms
270 timing idealTree:node_modules/browser-sync/node_modules/bs-recipes Completed in 0ms
271 timing idealTree:node_modules/browser-sync/node_modules/bs-snippet-injector Completed in 0ms
272 silly placeDep node_modules/browser-sync anymatch@3.1.2 OK for: chokidar@3.5.3 want: ~3.1.2
273 silly placeDep node_modules/browser-sync braces@3.0.2 OK for: chokidar@3.5.3 want: ~3.0.2
274 silly placeDep node_modules/browser-sync fsevents@2.3.2 OK for: chokidar@3.5.3 want: ~2.3.2
275 silly placeDep node_modules/browser-sync glob-parent@5.1.2 OK for: chokidar@3.5.3 want: ~5.1.2
276 silly placeDep node_modules/browser-sync is-binary-path@2.1.0 OK for: chokidar@3.5.3 want: ~2.1.0
277 silly placeDep node_modules/browser-sync is-glob@4.0.3 OK for: chokidar@3.5.3 want: ~4.0.1
278 silly placeDep node_modules/browser-sync normalize-path@3.0.0 OK for: chokidar@3.5.3 want: ~3.0.0
279 silly placeDep node_modules/browser-sync readdirp@3.6.0 OK for: chokidar@3.5.3 want: ~3.6.0
280 silly fetch manifest picomatch@^2.0.4
281 silly fetch manifest fill-range@^7.0.1
282 silly fetch manifest binary-extensions@^2.0.0
283 silly fetch manifest is-extglob@^2.1.1
284 silly fetch manifest picomatch@^2.2.1
285 http fetch GET 200 https://registry.npmjs.org/is-extglob 37ms (cache revalidated)
286 http fetch GET 200 https://registry.npmjs.org/fill-range 44ms (cache revalidated)
287 http fetch GET 200 https://registry.npmjs.org/binary-extensions 46ms (cache revalidated)
288 timing idealTree:node_modules/browser-sync/node_modules/chokidar Completed in 58ms
289 silly placeDep node_modules/browser-sync picomatch@2.3.1 OK for: anymatch@3.1.2 want: ^2.0.4
290 timing idealTree:node_modules/browser-sync/node_modules/anymatch Completed in 1ms
291 silly placeDep node_modules/browser-sync fill-range@7.0.1 OK for: braces@3.0.2 want: ^7.0.1
292 silly fetch manifest to-regex-range@^5.0.1
293 http fetch GET 200 https://registry.npmjs.org/to-regex-range 29ms (cache revalidated)
294 timing idealTree:node_modules/browser-sync/node_modules/braces Completed in 32ms
295 silly placeDep node_modules/browser-sync debug@2.6.9 OK for: connect@3.6.6 want: 2.6.9
296 silly placeDep node_modules/browser-sync finalhandler@1.1.0 OK for: connect@3.6.6 want: 1.1.0
297 silly placeDep node_modules/browser-sync parseurl@1.3.3 OK for: connect@3.6.6 want: ~1.3.2
298 silly placeDep node_modules/browser-sync utils-merge@1.0.1 OK for: connect@3.6.6 want: 1.0.1
299 silly fetch manifest encodeurl@~1.0.1
300 silly fetch manifest statuses@~1.3.1
301 silly fetch manifest unpipe@~1.0.0
302 timing idealTree:node_modules/browser-sync/node_modules/connect Completed in 11ms
303 timing idealTree:node_modules/browser-sync/node_modules/connect-history-api-fallback Completed in 0ms
304 silly placeDep node_modules/browser-sync ms@2.0.0 OK for: debug@2.6.9 want: 2.0.0
305 timing idealTree:node_modules/browser-sync/node_modules/debug Completed in 1ms
306 timing idealTree:node_modules/browser-sync/node_modules/dev-ip Completed in 0ms
307 silly placeDep node_modules/browser-sync lodash@4.17.21 OK for: easy-extender@2.3.4 want: ^4.17.10
308 timing idealTree:node_modules/browser-sync/node_modules/easy-extender Completed in 1ms
309 silly placeDep node_modules/browser-sync tfunk@4.0.0 OK for: eazy-logger@3.1.0 want: ^4.0.0
310 silly fetch manifest chalk@^1.1.3
311 silly fetch manifest dlv@^1.1.3
312 http fetch GET 200 https://registry.npmjs.org/dlv 30ms (cache revalidated)
313 http fetch GET 200 https://registry.npmjs.org/chalk 50ms (cache revalidated)
314 timing idealTree:node_modules/browser-sync/node_modules/eazy-logger Completed in 53ms
315 timing idealTree:node_modules/browser-sync/node_modules/etag Completed in 0ms
316 silly placeDep node_modules/browser-sync to-regex-range@5.0.1 OK for: fill-range@7.0.1 want: ^5.0.1
317 silly fetch manifest is-number@^7.0.0
318 http fetch GET 200 https://registry.npmjs.org/is-number 33ms (cache revalidated)
319 timing idealTree:node_modules/browser-sync/node_modules/fill-range Completed in 36ms
320 silly placeDep node_modules/browser-sync encodeurl@1.0.2 OK for: finalhandler@1.1.0 want: ~1.0.1
321 silly placeDep node_modules/browser-sync escape-html@1.0.3 OK for: finalhandler@1.1.0 want: ~1.0.3
322 silly placeDep node_modules/browser-sync on-finished@2.3.0 OK for: finalhandler@1.1.0 want: ~2.3.0
323 silly placeDep node_modules/browser-sync statuses@1.3.1 OK for: finalhandler@1.1.0 want: ~1.3.1
324 silly placeDep node_modules/browser-sync unpipe@1.0.0 OK for: finalhandler@1.1.0 want: ~1.0.0
325 silly fetch manifest ee-first@1.1.1
326 http fetch GET 200 https://registry.npmjs.org/ee-first 81ms (cache revalidated)
327 timing idealTree:node_modules/browser-sync/node_modules/finalhandler Completed in 91ms
328 timing idealTree:node_modules/browser-sync/node_modules/encodeurl Completed in 0ms
329 timing idealTree:node_modules/browser-sync/node_modules/escape-html Completed in 0ms
330 timing idealTree:node_modules/browser-sync/node_modules/fresh Completed in 0ms
331 silly placeDep node_modules/browser-sync graceful-fs@4.2.10 OK for: fs-extra@3.0.1 want: ^4.1.2
332 silly placeDep node_modules/browser-sync jsonfile@3.0.1 OK for: fs-extra@3.0.1 want: ^3.0.0
333 silly placeDep node_modules/browser-sync universalify@0.1.2 OK for: fs-extra@3.0.1 want: ^0.1.0
334 timing idealTree:node_modules/browser-sync/node_modules/fs-extra Completed in 3ms
335 timing idealTree:node_modules/browser-sync/node_modules/fsevents Completed in 0ms
336 timing idealTree:node_modules/browser-sync/node_modules/glob-parent Completed in 0ms
337 timing idealTree:node_modules/browser-sync/node_modules/graceful-fs Completed in 0ms
338 silly placeDep node_modules/browser-sync eventemitter3@4.0.7 OK for: http-proxy@1.18.1 want: ^4.0.0
339 silly placeDep node_modules/browser-sync follow-redirects@1.14.9 OK for: http-proxy@1.18.1 want: ^1.0.0
340 silly placeDep node_modules/browser-sync requires-port@1.0.0 OK for: http-proxy@1.18.1 want: ^1.0.0
341 timing idealTree:node_modules/browser-sync/node_modules/http-proxy Completed in 3ms
342 timing idealTree:node_modules/browser-sync/node_modules/eventemitter3 Completed in 0ms
343 timing idealTree:node_modules/browser-sync/node_modules/follow-redirects Completed in 0ms
344 timing idealTree:node_modules/browser-sync/node_modules/immutable Completed in 0ms
345 silly placeDep node_modules/browser-sync binary-extensions@2.2.0 OK for: is-binary-path@2.1.0 want: ^2.0.0
346 timing idealTree:node_modules/browser-sync/node_modules/is-binary-path Completed in 1ms
347 timing idealTree:node_modules/browser-sync/node_modules/binary-extensions Completed in 0ms
348 silly placeDep node_modules/browser-sync is-extglob@2.1.1 OK for: is-glob@4.0.3 want: ^2.1.1
349 timing idealTree:node_modules/browser-sync/node_modules/is-glob Completed in 2ms
350 timing idealTree:node_modules/browser-sync/node_modules/is-extglob Completed in 0ms
351 timing idealTree:node_modules/browser-sync/node_modules/jsonfile Completed in 0ms
352 silly placeDep node_modules/browser-sync axios@0.21.4 OK for: localtunnel@2.0.2 want: 0.21.4
353 silly placeDep node_modules/browser-sync/node_modules/localtunnel debug@4.3.2 OK for: localtunnel@2.0.2 want: 4.3.2
354 silly placeDep node_modules/browser-sync openurl@1.1.1 OK for: localtunnel@2.0.2 want: 1.1.1
355 silly placeDep node_modules/browser-sync/node_modules/localtunnel yargs@17.1.1 OK for: localtunnel@2.0.2 want: 17.1.1
356 silly fetch manifest ms@2.1.2
357 silly fetch manifest string-width@^4.2.0
358 silly fetch manifest yargs-parser@^20.2.2
359 timing idealTree:node_modules/browser-sync/node_modules/localtunnel Completed in 25ms
360 timing idealTree:node_modules/browser-sync/node_modules/axios Completed in 0ms
361 timing idealTree:node_modules/browser-sync/node_modules/lodash Completed in 0ms
362 timing idealTree:node_modules/browser-sync/node_modules/micromatch Completed in 0ms
363 timing idealTree:node_modules/browser-sync/node_modules/mitt Completed in 0ms
364 timing idealTree:node_modules/browser-sync/node_modules/ms Completed in 0ms
365 timing idealTree:node_modules/browser-sync/node_modules/normalize-path Completed in 0ms
366 silly placeDep node_modules/browser-sync ee-first@1.1.1 OK for: on-finished@2.3.0 want: 1.1.1
367 timing idealTree:node_modules/browser-sync/node_modules/on-finished Completed in 1ms
368 timing idealTree:node_modules/browser-sync/node_modules/ee-first Completed in 0ms
369 timing idealTree:node_modules/browser-sync/node_modules/openurl Completed in 0ms
370 silly placeDep node_modules/browser-sync is-wsl@1.1.0 OK for: opn@5.3.0 want: ^1.1.0
371 timing idealTree:node_modules/browser-sync/node_modules/opn Completed in 1ms
372 timing idealTree:node_modules/browser-sync/node_modules/is-wsl Completed in 0ms
373 timing idealTree:node_modules/browser-sync/node_modules/parseurl Completed in 0ms
374 timing idealTree:node_modules/browser-sync/node_modules/picomatch Completed in 0ms
375 silly placeDep node_modules/browser-sync async@1.5.2 OK for: portscanner@2.1.1 want: 1.5.2
376 silly placeDep node_modules/browser-sync is-number-like@1.0.8 OK for: portscanner@2.1.1 want: ^1.0.3
377 silly fetch manifest lodash.isfinite@^3.3.2
378 http fetch GET 200 https://registry.npmjs.org/lodash.isfinite 27ms (cache revalidated)
379 timing idealTree:node_modules/browser-sync/node_modules/portscanner Completed in 30ms
380 timing idealTree:node_modules/browser-sync/node_modules/async Completed in 0ms
381 silly placeDep node_modules/browser-sync lodash.isfinite@3.3.2 OK for: is-number-like@1.0.8 want: ^3.3.2
382 timing idealTree:node_modules/browser-sync/node_modules/is-number-like Completed in 7ms
383 timing idealTree:node_modules/browser-sync/node_modules/lodash.isfinite Completed in 0ms
384 timing idealTree:node_modules/browser-sync/node_modules/qs Completed in 0ms
385 silly placeDep node_modules/browser-sync bytes@3.1.2 OK for: raw-body@2.5.1 want: 3.1.2
386 silly placeDep node_modules/browser-sync http-errors@2.0.0 OK for: raw-body@2.5.1 want: 2.0.0
387 silly placeDep node_modules/browser-sync iconv-lite@0.4.24 OK for: raw-body@2.5.1 want: 0.4.24
388 silly fetch manifest depd@2.0.0
389 silly fetch manifest inherits@2.0.4
390 silly fetch manifest setprototypeof@1.2.0
391 silly fetch manifest statuses@2.0.1
392 silly fetch manifest toidentifier@1.0.1
393 silly fetch manifest safer-buffer@>= 2.1.2 < 3
394 http fetch GET 200 https://registry.npmjs.org/setprototypeof 81ms (cache revalidated)
395 http fetch GET 200 https://registry.npmjs.org/toidentifier 88ms (cache revalidated)
396 http fetch GET 200 https://registry.npmjs.org/safer-buffer 88ms (cache revalidated)
397 http fetch GET 200 https://registry.npmjs.org/inherits 91ms (cache updated)
398 timing idealTree:node_modules/browser-sync/node_modules/raw-body Completed in 96ms
399 timing idealTree:node_modules/browser-sync/node_modules/bytes Completed in 0ms
400 silly placeDep node_modules/browser-sync depd@2.0.0 OK for: http-errors@2.0.0 want: 2.0.0
401 silly placeDep node_modules/browser-sync inherits@2.0.4 OK for: http-errors@2.0.0 want: 2.0.4
402 silly placeDep node_modules/browser-sync setprototypeof@1.2.0 OK for: http-errors@2.0.0 want: 1.2.0
403 silly placeDep node_modules/browser-sync/node_modules/http-errors statuses@2.0.1 OK for: http-errors@2.0.0 want: 2.0.1
404 silly placeDep node_modules/browser-sync toidentifier@1.0.1 OK for: http-errors@2.0.0 want: 1.0.1
405 timing idealTree:node_modules/browser-sync/node_modules/http-errors Completed in 6ms
406 timing idealTree:node_modules/browser-sync/node_modules/depd Completed in 0ms
407 silly placeDep node_modules/browser-sync safer-buffer@2.1.2 OK for: iconv-lite@0.4.24 want: >= 2.1.2 < 3
408 timing idealTree:node_modules/browser-sync/node_modules/iconv-lite Completed in 1ms
409 timing idealTree:node_modules/browser-sync/node_modules/inherits Completed in 0ms
410 timing idealTree:node_modules/browser-sync/node_modules/readdirp Completed in 0ms
411 timing idealTree:node_modules/browser-sync/node_modules/requires-port Completed in 0ms
412 silly placeDep node_modules/browser-sync minimatch@3.1.2 OK for: resp-modifier@6.0.2 want: ^3.0.2
413 silly fetch manifest brace-expansion@^1.1.7
414 http fetch GET 200 https://registry.npmjs.org/brace-expansion 51ms (cache revalidated)
415 timing idealTree:node_modules/browser-sync/node_modules/resp-modifier Completed in 53ms
416 silly placeDep node_modules/browser-sync brace-expansion@1.1.11 OK for: minimatch@3.1.2 want: ^1.1.7
417 silly fetch manifest balanced-match@^1.0.0
418 silly fetch manifest concat-map@0.0.1
419 http fetch GET 200 https://registry.npmjs.org/balanced-match 35ms (cache revalidated)
420 http fetch GET 200 https://registry.npmjs.org/concat-map 37ms (cache revalidated)
421 timing idealTree:node_modules/browser-sync/node_modules/minimatch Completed in 47ms
422 silly placeDep node_modules/browser-sync balanced-match@1.0.2 OK for: brace-expansion@1.1.11 want: ^1.0.0
423 silly placeDep node_modules/browser-sync concat-map@0.0.1 OK for: brace-expansion@1.1.11 want: 0.0.1
424 timing idealTree:node_modules/browser-sync/node_modules/brace-expansion Completed in 2ms
425 timing idealTree:node_modules/browser-sync/node_modules/balanced-match Completed in 0ms
426 timing idealTree:node_modules/browser-sync/node_modules/concat-map Completed in 0ms
427 timing idealTree:node_modules/browser-sync/node_modules/rx Completed in 0ms
428 silly placeDep node_modules/browser-sync symbol-observable@1.0.1 OK for: rxjs@5.5.12 want: 1.0.1
429 timing idealTree:node_modules/browser-sync/node_modules/rxjs Completed in 3ms
430 timing idealTree:node_modules/browser-sync/node_modules/safer-buffer Completed in 0ms
431 silly placeDep node_modules/browser-sync/node_modules/send depd@1.1.2 OK for: send@0.16.2 want: ~1.1.2
432 silly placeDep node_modules/browser-sync destroy@1.0.4 OK for: send@0.16.2 want: ~1.0.4
433 silly placeDep node_modules/browser-sync/node_modules/send http-errors@1.6.3 OK for: send@0.16.2 want: ~1.6.2
434 silly placeDep node_modules/browser-sync mime@1.4.1 OK for: send@0.16.2 want: 1.4.1
435 silly placeDep node_modules/browser-sync range-parser@1.2.1 OK for: send@0.16.2 want: ~1.2.0
436 silly placeDep node_modules/browser-sync/node_modules/send statuses@1.4.0 OK for: send@0.16.2 want: ~1.4.0
437 silly fetch manifest inherits@2.0.3
438 silly fetch manifest setprototypeof@1.1.0
439 timing idealTree:node_modules/browser-sync/node_modules/send Completed in 95ms
440 timing idealTree:node_modules/browser-sync/node_modules/destroy Completed in 0ms
441 timing idealTree:node_modules/browser-sync/node_modules/mime Completed in 0ms
442 timing idealTree:node_modules/browser-sync/node_modules/range-parser Completed in 0ms
443 silly placeDep node_modules/browser-sync accepts@1.3.8 OK for: serve-index@1.9.1 want: ~1.3.4
444 silly placeDep node_modules/browser-sync batch@0.6.1 OK for: serve-index@1.9.1 want: 0.6.1
445 silly placeDep node_modules/browser-sync/node_modules/serve-index http-errors@1.6.3 OK for: serve-index@1.9.1 want: ~1.6.2
446 silly placeDep node_modules/browser-sync mime-types@2.1.35 OK for: serve-index@1.9.1 want: ~2.1.17
447 silly fetch manifest negotiator@0.6.3
448 silly fetch manifest statuses@>= 1.4.0 < 2
449 silly fetch manifest mime-db@1.52.0
450 http fetch GET 200 https://registry.npmjs.org/mime-db 74ms (cache revalidated)
451 http fetch GET 200 https://registry.npmjs.org/negotiator 114ms (cache revalidated)
452 timing idealTree:node_modules/browser-sync/node_modules/serve-index Completed in 158ms
453 silly placeDep node_modules/browser-sync negotiator@0.6.3 OK for: accepts@1.3.8 want: 0.6.3
454 timing idealTree:node_modules/browser-sync/node_modules/accepts Completed in 4ms
455 timing idealTree:node_modules/browser-sync/node_modules/batch Completed in 0ms
456 silly placeDep node_modules/browser-sync mime-db@1.52.0 OK for: mime-types@2.1.35 want: 1.52.0
457 timing idealTree:node_modules/browser-sync/node_modules/mime-types Completed in 1ms
458 timing idealTree:node_modules/browser-sync/node_modules/mime-db Completed in 0ms
459 timing idealTree:node_modules/browser-sync/node_modules/negotiator Completed in 0ms
460 timing idealTree:node_modules/browser-sync/node_modules/serve-static Completed in 0ms
461 timing idealTree:node_modules/browser-sync/node_modules/server-destroy Completed in 0ms
462 timing idealTree:node_modules/browser-sync/node_modules/setprototypeof Completed in 0ms
463 silly placeDep node_modules/browser-sync base64id@2.0.0 OK for: socket.io@4.5.0 want: ~2.0.0
464 silly placeDep node_modules/browser-sync/node_modules/socket.io debug@4.3.4 OK for: socket.io@4.5.0 want: ~4.3.2
465 silly placeDep node_modules/browser-sync engine.io@6.2.0 OK for: socket.io@4.5.0 want: ~6.2.0
466 silly placeDep node_modules/browser-sync socket.io-adapter@2.4.0 OK for: socket.io@4.5.0 want: ~2.4.0
467 silly placeDep node_modules/browser-sync socket.io-parser@4.0.4 OK for: socket.io@4.5.0 want: ~4.0.4
468 silly fetch manifest @types/cookie@^0.4.1
469 silly fetch manifest @types/cors@^2.8.12
470 silly fetch manifest @types/node@>=10.0.0
471 silly fetch manifest cookie@~0.4.1
472 silly fetch manifest cors@~2.8.5
473 silly fetch manifest debug@~4.3.1
474 silly fetch manifest engine.io-parser@~5.0.3
475 silly fetch manifest ws@~8.2.3
476 silly fetch manifest @types/component-emitter@^1.2.10
477 silly fetch manifest component-emitter@~1.3.0
478 http fetch GET 200 https://registry.npmjs.org/engine.io-parser 72ms (cache revalidated)
479 http fetch GET 200 https://registry.npmjs.org/cookie 78ms (cache updated)
480 http fetch GET 200 https://registry.npmjs.org/component-emitter 75ms (cache updated)
481 http fetch GET 200 https://registry.npmjs.org/cors 80ms (cache updated)
482 http fetch GET 200 https://registry.npmjs.org/@types%2fcookie 98ms (cache revalidated)
483 http fetch GET 200 https://registry.npmjs.org/ws 97ms (cache revalidated)
484 http fetch GET 200 https://registry.npmjs.org/@types%2fcomponent-emitter 103ms (cache revalidated)
485 http fetch GET 200 https://registry.npmjs.org/@types%2fnode 212ms (cache updated)
486 http fetch GET 200 https://registry.npmjs.org/@types%2fcors 747ms (cache revalidated)
487 timing idealTree:node_modules/browser-sync/node_modules/socket.io Completed in 758ms
488 timing idealTree:node_modules/browser-sync/node_modules/base64id Completed in 0ms
489 silly fetch manifest bufferutil@^4.0.1
490 http fetch GET 200 https://registry.npmjs.org/bufferutil 34ms (cache revalidated)
491 silly fetch manifest utf-8-validate@^5.0.2
492 http fetch GET 200 https://registry.npmjs.org/utf-8-validate 48ms (cache revalidated)
493 silly placeDep node_modules/browser-sync @types/cookie@0.4.1 OK for: engine.io@6.2.0 want: ^0.4.1
494 silly placeDep node_modules/browser-sync @types/cors@2.8.12 OK for: engine.io@6.2.0 want: ^2.8.12
495 silly placeDep node_modules/browser-sync @types/node@17.0.29 OK for: engine.io@6.2.0 want: >=10.0.0
496 silly placeDep node_modules/browser-sync cookie@0.4.2 OK for: engine.io@6.2.0 want: ~0.4.1
497 silly placeDep node_modules/browser-sync cors@2.8.5 OK for: engine.io@6.2.0 want: ~2.8.5
498 silly placeDep node_modules/browser-sync/node_modules/engine.io debug@4.3.4 OK for: engine.io@6.2.0 want: ~4.3.1
499 silly placeDep node_modules/browser-sync engine.io-parser@5.0.3 OK for: engine.io@6.2.0 want: ~5.0.3
500 silly placeDep node_modules/browser-sync ws@8.2.3 OK for: engine.io@6.2.0 want: ~8.2.3
501 silly fetch manifest object-assign@^4
502 silly fetch manifest vary@^1
503 silly fetch manifest @socket.io/base64-arraybuffer@~1.0.2
504 http fetch GET 200 https://registry.npmjs.org/vary 38ms (cache revalidated)
505 http fetch GET 200 https://registry.npmjs.org/object-assign 44ms (cache revalidated)
506 http fetch GET 200 https://registry.npmjs.org/@socket.io%2fbase64-arraybuffer 58ms (cache revalidated)
507 timing idealTree:node_modules/browser-sync/node_modules/engine.io Completed in 155ms
508 timing idealTree:node_modules/browser-sync/node_modules/@types/cookie Completed in 0ms
509 timing idealTree:node_modules/browser-sync/node_modules/@types/cors Completed in 0ms
510 timing idealTree:node_modules/browser-sync/node_modules/@types/node Completed in 0ms
511 timing idealTree:node_modules/browser-sync/node_modules/cookie Completed in 0ms
512 silly placeDep node_modules/browser-sync object-assign@4.1.1 OK for: cors@2.8.5 want: ^4
513 silly placeDep node_modules/browser-sync vary@1.1.2 OK for: cors@2.8.5 want: ^1
514 timing idealTree:node_modules/browser-sync/node_modules/cors Completed in 2ms
515 silly placeDep node_modules/browser-sync @socket.io/base64-arraybuffer@1.0.2 OK for: engine.io-parser@5.0.3 want: ~1.0.2
516 timing idealTree:node_modules/browser-sync/node_modules/engine.io-parser Completed in 1ms
517 timing idealTree:node_modules/browser-sync/node_modules/@socket.io/base64-arraybuffer Completed in 0ms
518 timing idealTree:node_modules/browser-sync/node_modules/object-assign Completed in 0ms
519 timing idealTree:node_modules/browser-sync/node_modules/socket.io-adapter Completed in 0ms
520 silly placeDep node_modules/browser-sync @socket.io/component-emitter@3.1.0 OK for: socket.io-client@4.5.0 want: ~3.1.0
521 silly placeDep node_modules/browser-sync/node_modules/socket.io-client debug@4.3.4 OK for: socket.io-client@4.5.0 want: ~4.3.2
522 silly placeDep node_modules/browser-sync engine.io-client@6.2.1 OK for: socket.io-client@4.5.0 want: ~6.2.1
523 silly placeDep node_modules/browser-sync/node_modules/socket.io-client socket.io-parser@4.2.0 OK for: socket.io-client@4.5.0 want: ~4.2.0
524 silly fetch manifest xmlhttprequest-ssl@~2.0.0
525 http fetch GET 200 https://registry.npmjs.org/xmlhttprequest-ssl 72ms (cache revalidated)
526 timing idealTree:node_modules/browser-sync/node_modules/socket.io-client Completed in 78ms
527 timing idealTree:node_modules/browser-sync/node_modules/@socket.io/component-emitter Completed in 0ms
528 silly placeDep node_modules/browser-sync/node_modules/engine.io-client debug@4.3.4 OK for: engine.io-client@6.2.1 want: ~4.3.1
529 silly placeDep node_modules/browser-sync xmlhttprequest-ssl@2.0.0 OK for: engine.io-client@6.2.1 want: ~2.0.0
530 timing idealTree:node_modules/browser-sync/node_modules/engine.io-client Completed in 5ms
531 silly placeDep node_modules/browser-sync @types/component-emitter@1.2.11 OK for: socket.io-parser@4.0.4 want: ^1.2.10
532 silly placeDep node_modules/browser-sync component-emitter@1.3.0 OK for: socket.io-parser@4.0.4 want: ~1.3.0
533 silly placeDep node_modules/browser-sync/node_modules/socket.io-parser debug@4.3.4 OK for: socket.io-parser@4.0.4 want: ~4.3.1
534 timing idealTree:node_modules/browser-sync/node_modules/socket.io-parser Completed in 4ms
535 timing idealTree:node_modules/browser-sync/node_modules/@types/component-emitter Completed in 0ms
536 timing idealTree:node_modules/browser-sync/node_modules/component-emitter Completed in 0ms
537 timing idealTree:node_modules/browser-sync/node_modules/statuses Completed in 0ms
538 silly placeDep node_modules/browser-sync commander@2.20.3 OK for: stream-throttle@0.1.3 want: ^2.2.0
539 silly placeDep node_modules/browser-sync limiter@1.1.5 OK for: stream-throttle@0.1.3 want: ^1.0.5
540 timing idealTree:node_modules/browser-sync/node_modules/stream-throttle Completed in 2ms
541 timing idealTree:node_modules/browser-sync/node_modules/commander Completed in 0ms
542 timing idealTree:node_modules/browser-sync/node_modules/limiter Completed in 0ms
543 timing idealTree:node_modules/browser-sync/node_modules/symbol-observable Completed in 0ms
544 silly placeDep node_modules/browser-sync chalk@1.1.3 OK for: tfunk@4.0.0 want: ^1.1.3
545 silly placeDep node_modules/browser-sync dlv@1.1.3 OK for: tfunk@4.0.0 want: ^1.1.3
546 silly fetch manifest ansi-styles@^2.2.1
547 silly fetch manifest escape-string-regexp@^1.0.2
548 silly fetch manifest has-ansi@^2.0.0
549 silly fetch manifest strip-ansi@^3.0.0
550 silly fetch manifest supports-color@^2.0.0
551 http fetch GET 200 https://registry.npmjs.org/has-ansi 44ms (cache revalidated)
552 http fetch GET 200 https://registry.npmjs.org/ansi-styles 54ms (cache revalidated)
553 http fetch GET 200 https://registry.npmjs.org/supports-color 53ms (cache revalidated)
554 http fetch GET 200 https://registry.npmjs.org/strip-ansi 71ms (cache revalidated)
555 http fetch GET 200 https://registry.npmjs.org/escape-string-regexp 74ms (cache revalidated)
556 timing idealTree:node_modules/browser-sync/node_modules/tfunk Completed in 83ms
557 silly placeDep node_modules/browser-sync ansi-styles@2.2.1 OK for: chalk@1.1.3 want: ^2.2.1
558 silly placeDep node_modules/browser-sync escape-string-regexp@1.0.5 OK for: chalk@1.1.3 want: ^1.0.2
559 silly placeDep node_modules/browser-sync has-ansi@2.0.0 OK for: chalk@1.1.3 want: ^2.0.0
560 silly placeDep node_modules/browser-sync strip-ansi@3.0.1 OK for: chalk@1.1.3 want: ^3.0.0
561 silly placeDep node_modules/browser-sync supports-color@2.0.0 OK for: chalk@1.1.3 want: ^2.0.0
562 silly fetch manifest ansi-regex@^2.0.0
563 http fetch GET 200 https://registry.npmjs.org/ansi-regex 44ms (cache revalidated)
564 timing idealTree:node_modules/browser-sync/node_modules/chalk Completed in 51ms
565 timing idealTree:node_modules/browser-sync/node_modules/ansi-styles Completed in 0ms
566 timing idealTree:node_modules/browser-sync/node_modules/dlv Completed in 0ms
567 timing idealTree:node_modules/browser-sync/node_modules/escape-string-regexp Completed in 0ms
568 silly placeDep node_modules/browser-sync ansi-regex@2.1.1 OK for: has-ansi@2.0.0 want: ^2.0.0
569 timing idealTree:node_modules/browser-sync/node_modules/has-ansi Completed in 2ms
570 timing idealTree:node_modules/browser-sync/node_modules/ansi-regex Completed in 0ms
571 timing idealTree:node_modules/browser-sync/node_modules/strip-ansi Completed in 0ms
572 timing idealTree:node_modules/browser-sync/node_modules/supports-color Completed in 0ms
573 silly placeDep node_modules/browser-sync is-number@7.0.0 OK for: to-regex-range@5.0.1 want: ^7.0.0
574 timing idealTree:node_modules/browser-sync/node_modules/to-regex-range Completed in 3ms
575 timing idealTree:node_modules/browser-sync/node_modules/is-number Completed in 0ms
576 timing idealTree:node_modules/browser-sync/node_modules/toidentifier Completed in 0ms
577 timing idealTree:node_modules/browser-sync/node_modules/ua-parser-js Completed in 0ms
578 timing idealTree:node_modules/browser-sync/node_modules/universalify Completed in 0ms
579 timing idealTree:node_modules/browser-sync/node_modules/unpipe Completed in 0ms
580 timing idealTree:node_modules/browser-sync/node_modules/utils-merge Completed in 0ms
581 timing idealTree:node_modules/browser-sync/node_modules/vary Completed in 0ms
582 timing idealTree:node_modules/browser-sync/node_modules/ws Completed in 0ms
583 timing idealTree:node_modules/browser-sync/node_modules/xmlhttprequest-ssl Completed in 0ms
584 silly placeDep node_modules/browser-sync cliui@7.0.4 OK for: yargs@17.4.1 want: ^7.0.2
585 silly placeDep node_modules/browser-sync escalade@3.1.1 OK for: yargs@17.4.1 want: ^3.1.1
586 silly placeDep node_modules/browser-sync get-caller-file@2.0.5 OK for: yargs@17.4.1 want: ^2.0.5
587 silly placeDep node_modules/browser-sync require-directory@2.1.1 OK for: yargs@17.4.1 want: ^2.1.1
588 silly placeDep node_modules/browser-sync string-width@4.2.3 OK for: yargs@17.4.1 want: ^4.2.3
589 silly placeDep node_modules/browser-sync y18n@5.0.8 OK for: yargs@17.4.1 want: ^5.0.5
590 silly placeDep node_modules/browser-sync yargs-parser@21.0.1 OK for: yargs@17.4.1 want: ^21.0.0
591 silly fetch manifest strip-ansi@^6.0.0
592 silly fetch manifest wrap-ansi@^7.0.0
593 silly fetch manifest emoji-regex@^8.0.0
594 silly fetch manifest is-fullwidth-code-point@^3.0.0
595 silly fetch manifest strip-ansi@^6.0.1
596 http fetch GET 200 https://registry.npmjs.org/wrap-ansi 49ms (cache revalidated)
597 http fetch GET 200 https://registry.npmjs.org/emoji-regex 48ms (cache revalidated)
598 http fetch GET 200 https://registry.npmjs.org/is-fullwidth-code-point 53ms (cache revalidated)
599 timing idealTree:node_modules/browser-sync/node_modules/yargs Completed in 65ms
600 silly placeDep node_modules/browser-sync/node_modules/cliui strip-ansi@6.0.1 OK for: cliui@7.0.4 want: ^6.0.0
601 silly placeDep node_modules/browser-sync wrap-ansi@7.0.0 OK for: cliui@7.0.4 want: ^7.0.0
602 silly fetch manifest ansi-regex@^5.0.1
603 silly fetch manifest ansi-styles@^4.0.0
604 timing idealTree:node_modules/browser-sync/node_modules/cliui Completed in 3ms
605 timing idealTree:node_modules/browser-sync/node_modules/escalade Completed in 0ms
606 timing idealTree:node_modules/browser-sync/node_modules/get-caller-file Completed in 0ms
607 timing idealTree:node_modules/browser-sync/node_modules/require-directory Completed in 0ms
608 silly placeDep node_modules/browser-sync emoji-regex@8.0.0 OK for: string-width@4.2.3 want: ^8.0.0
609 silly placeDep node_modules/browser-sync is-fullwidth-code-point@3.0.0 OK for: string-width@4.2.3 want: ^3.0.0
610 silly placeDep node_modules/browser-sync/node_modules/string-width strip-ansi@6.0.1 OK for: string-width@4.2.3 want: ^6.0.1
611 timing idealTree:node_modules/browser-sync/node_modules/string-width Completed in 3ms
612 timing idealTree:node_modules/browser-sync/node_modules/emoji-regex Completed in 0ms
613 timing idealTree:node_modules/browser-sync/node_modules/is-fullwidth-code-point Completed in 0ms
614 silly placeDep node_modules/browser-sync/node_modules/wrap-ansi ansi-styles@4.3.0 OK for: wrap-ansi@7.0.0 want: ^4.0.0
615 silly placeDep node_modules/browser-sync/node_modules/wrap-ansi strip-ansi@6.0.1 OK for: wrap-ansi@7.0.0 want: ^6.0.0
616 silly fetch manifest color-convert@^2.0.1
617 http fetch GET 200 https://registry.npmjs.org/color-convert 33ms (cache updated)
618 timing idealTree:node_modules/browser-sync/node_modules/wrap-ansi Completed in 36ms
619 timing idealTree:node_modules/browser-sync/node_modules/y18n Completed in 0ms
620 timing idealTree:node_modules/browser-sync/node_modules/yargs-parser Completed in 0ms
621 silly placeDep node_modules/browser-sync/node_modules/cliui ansi-regex@5.0.1 OK for: strip-ansi@6.0.1 want: ^5.0.1
622 timing idealTree:node_modules/browser-sync/node_modules/cliui/node_modules/strip-ansi Completed in 1ms
623 timing idealTree:node_modules/browser-sync/node_modules/cliui/node_modules/ansi-regex Completed in 0ms
624 silly placeDep node_modules/browser-sync/node_modules/engine.io-client ms@2.1.2 OK for: debug@4.3.4 want: 2.1.2
625 timing idealTree:node_modules/browser-sync/node_modules/engine.io-client/node_modules/debug Completed in 2ms
626 timing idealTree:node_modules/browser-sync/node_modules/engine.io-client/node_modules/ms Completed in 0ms
627 silly placeDep node_modules/browser-sync/node_modules/engine.io ms@2.1.2 OK for: debug@4.3.4 want: 2.1.2
628 timing idealTree:node_modules/browser-sync/node_modules/engine.io/node_modules/debug Completed in 1ms
629 timing idealTree:node_modules/browser-sync/node_modules/engine.io/node_modules/ms Completed in 0ms
630 timing idealTree:node_modules/browser-sync/node_modules/http-errors/node_modules/statuses Completed in 0ms
631 silly placeDep node_modules/browser-sync/node_modules/localtunnel ms@2.1.2 OK for: debug@4.3.2 want: 2.1.2
632 timing idealTree:node_modules/browser-sync/node_modules/localtunnel/node_modules/debug Completed in 1ms
633 timing idealTree:node_modules/browser-sync/node_modules/localtunnel/node_modules/ms Completed in 0ms
634 silly placeDep node_modules/browser-sync/node_modules/localtunnel yargs-parser@20.2.9 OK for: yargs@17.1.1 want: ^20.2.2
635 timing idealTree:node_modules/browser-sync/node_modules/localtunnel/node_modules/yargs Completed in 1ms
636 timing idealTree:node_modules/browser-sync/node_modules/localtunnel/node_modules/yargs-parser Completed in 0ms
637 timing idealTree:node_modules/browser-sync/node_modules/send/node_modules/depd Completed in 0ms
638 silly placeDep node_modules/browser-sync/node_modules/send inherits@2.0.3 OK for: http-errors@1.6.3 want: 2.0.3
639 silly placeDep node_modules/browser-sync/node_modules/send setprototypeof@1.1.0 OK for: http-errors@1.6.3 want: 1.1.0
640 timing idealTree:node_modules/browser-sync/node_modules/send/node_modules/http-errors Completed in 2ms
641 timing idealTree:node_modules/browser-sync/node_modules/send/node_modules/inherits Completed in 0ms
642 timing idealTree:node_modules/browser-sync/node_modules/send/node_modules/setprototypeof Completed in 0ms
643 timing idealTree:node_modules/browser-sync/node_modules/send/node_modules/statuses Completed in 0ms
644 silly placeDep node_modules/browser-sync/node_modules/serve-index depd@1.1.2 OK for: http-errors@1.6.3 want: ~1.1.2
645 silly placeDep node_modules/browser-sync/node_modules/serve-index inherits@2.0.3 OK for: http-errors@1.6.3 want: 2.0.3
646 silly placeDep node_modules/browser-sync/node_modules/serve-index setprototypeof@1.1.0 OK for: http-errors@1.6.3 want: 1.1.0
647 silly placeDep node_modules/browser-sync/node_modules/serve-index statuses@1.5.0 OK for: http-errors@1.6.3 want: >= 1.4.0 < 2
648 timing idealTree:node_modules/browser-sync/node_modules/serve-index/node_modules/http-errors Completed in 5ms
649 timing idealTree:node_modules/browser-sync/node_modules/serve-index/node_modules/depd Completed in 0ms
650 timing idealTree:node_modules/browser-sync/node_modules/serve-index/node_modules/inherits Completed in 0ms
651 timing idealTree:node_modules/browser-sync/node_modules/serve-index/node_modules/setprototypeof Completed in 0ms
652 timing idealTree:node_modules/browser-sync/node_modules/serve-index/node_modules/statuses Completed in 0ms
653 silly placeDep node_modules/browser-sync/node_modules/socket.io-client ms@2.1.2 OK for: debug@4.3.4 want: 2.1.2
654 timing idealTree:node_modules/browser-sync/node_modules/socket.io-client/node_modules/debug Completed in 1ms
655 timing idealTree:node_modules/browser-sync/node_modules/socket.io-client/node_modules/ms Completed in 0ms
656 timing idealTree:node_modules/browser-sync/node_modules/socket.io-client/node_modules/socket.io-parser Completed in 0ms
657 silly placeDep node_modules/browser-sync/node_modules/socket.io-parser ms@2.1.2 OK for: debug@4.3.4 want: 2.1.2
658 timing idealTree:node_modules/browser-sync/node_modules/socket.io-parser/node_modules/debug Completed in 11ms
659 timing idealTree:node_modules/browser-sync/node_modules/socket.io-parser/node_modules/ms Completed in 0ms
660 silly placeDep node_modules/browser-sync/node_modules/socket.io ms@2.1.2 OK for: debug@4.3.4 want: 2.1.2
661 timing idealTree:node_modules/browser-sync/node_modules/socket.io/node_modules/debug Completed in 1ms
662 timing idealTree:node_modules/browser-sync/node_modules/socket.io/node_modules/ms Completed in 0ms
663 silly placeDep node_modules/browser-sync/node_modules/string-width ansi-regex@5.0.1 OK for: strip-ansi@6.0.1 want: ^5.0.1
664 timing idealTree:node_modules/browser-sync/node_modules/string-width/node_modules/strip-ansi Completed in 1ms
665 timing idealTree:node_modules/browser-sync/node_modules/string-width/node_modules/ansi-regex Completed in 0ms
666 silly placeDep node_modules/browser-sync color-convert@2.0.1 OK for: ansi-styles@4.3.0 want: ^2.0.1
667 silly fetch manifest color-name@~1.1.4
668 http fetch GET 200 https://registry.npmjs.org/color-name 58ms (cache updated)
669 timing idealTree:node_modules/browser-sync/node_modules/wrap-ansi/node_modules/ansi-styles Completed in 61ms
670 silly placeDep node_modules/browser-sync color-name@1.1.4 OK for: color-convert@2.0.1 want: ~1.1.4
671 timing idealTree:node_modules/browser-sync/node_modules/color-convert Completed in 2ms
672 timing idealTree:node_modules/browser-sync/node_modules/color-name Completed in 0ms
673 silly placeDep node_modules/browser-sync/node_modules/wrap-ansi ansi-regex@5.0.1 OK for: strip-ansi@6.0.1 want: ^5.0.1
674 timing idealTree:node_modules/browser-sync/node_modules/wrap-ansi/node_modules/strip-ansi Completed in 2ms
675 timing idealTree:node_modules/browser-sync/node_modules/wrap-ansi/node_modules/ansi-regex Completed in 0ms
676 timing idealTree:buildDeps Completed in 4398ms
677 timing idealTree:fixDepFlags Completed in 4ms
678 timing idealTree Completed in 4427ms
679 timing reify:loadTrees Completed in 4621ms
680 timing reify:diffTrees Completed in 31ms
681 silly reify mark retired [
681 silly reify   '/Users/euramon/.npm-global/lib/node_modules/browser-sync',
681 silly reify   '/Users/euramon/.npm-global/bin/browser-sync'
681 silly reify ]
682 silly reify moves {
682 silly reify   '/Users/euramon/.npm-global/lib/node_modules/browser-sync': '/Users/euramon/.npm-global/lib/node_modules/.browser-sync-f2US3AoI',
682 silly reify   '/Users/euramon/.npm-global/bin/browser-sync': '/Users/euramon/.npm-global/bin/.browser-sync-PmQnOTPW'
682 silly reify }
683 timing reify:retireShallow Completed in 4ms
684 timing reify:createSparse Completed in 1430ms
685 timing reify:loadBundles Completed in 0ms
686 silly audit bulk request {
686 silly audit   'browser-sync': [ '2.27.9' ],
686 silly audit   'browser-sync-client': [ '2.27.9' ],
686 silly audit   'browser-sync-ui': [ '2.27.9' ],
686 silly audit   'bs-recipes': [ '1.3.4' ],
686 silly audit   'bs-snippet-injector': [ '2.0.1' ],
686 silly audit   chokidar: [ '3.5.3' ],
686 silly audit   connect: [ '3.6.6' ],
686 silly audit   'connect-history-api-fallback': [ '1.6.0' ],
686 silly audit   'dev-ip': [ '1.0.1' ],
686 silly audit   'easy-extender': [ '2.3.4' ],
686 silly audit   'eazy-logger': [ '3.1.0' ],
686 silly audit   etag: [ '1.8.1' ],
686 silly audit   fresh: [ '0.5.2' ],
686 silly audit   'fs-extra': [ '3.0.1' ],
686 silly audit   'http-proxy': [ '1.18.1' ],
686 silly audit   immutable: [ '3.8.2' ],
686 silly audit   localtunnel: [ '2.0.2' ],
686 silly audit   micromatch: [ '4.0.5' ],
686 silly audit   opn: [ '5.3.0' ],
686 silly audit   portscanner: [ '2.1.1' ],
686 silly audit   qs: [ '6.2.3' ],
686 silly audit   'raw-body': [ '2.5.1' ],
686 silly audit   'resp-modifier': [ '6.0.2' ],
686 silly audit   rx: [ '4.1.0' ],
686 silly audit   send: [ '0.16.2' ],
686 silly audit   'serve-index': [ '1.9.1' ],
686 silly audit   'serve-static': [ '1.13.2' ],
686 silly audit   'server-destroy': [ '1.0.1' ],
686 silly audit   'socket.io': [ '4.5.0' ],
686 silly audit   'ua-parser-js': [ '1.0.2' ],
686 silly audit   yargs: [ '17.4.1', '17.1.1' ],
686 silly audit   mitt: [ '1.2.0' ],
686 silly audit   rxjs: [ '5.5.12' ],
686 silly audit   'async-each-series': [ '0.1.1' ],
686 silly audit   'socket.io-client': [ '4.5.0' ],
686 silly audit   'stream-throttle': [ '0.1.3' ],
686 silly audit   anymatch: [ '3.1.2' ],
686 silly audit   braces: [ '3.0.2' ],
686 silly audit   fsevents: [ '2.3.2' ],
686 silly audit   'glob-parent': [ '5.1.2' ],
686 silly audit   'is-binary-path': [ '2.1.0' ],
686 silly audit   'is-glob': [ '4.0.3' ],
686 silly audit   'normalize-path': [ '3.0.0' ],
686 silly audit   readdirp: [ '3.6.0' ],
686 silly audit   picomatch: [ '2.3.1' ],
686 silly audit   'fill-range': [ '7.0.1' ],
686 silly audit   debug: [ '2.6.9', '4.3.2', '4.3.4' ],
686 silly audit   finalhandler: [ '1.1.0' ],
686 silly audit   parseurl: [ '1.3.3' ],
686 silly audit   'utils-merge': [ '1.0.1' ],
686 silly audit   ms: [ '2.0.0', '2.1.2' ],
686 silly audit   lodash: [ '4.17.21' ],
686 silly audit   tfunk: [ '4.0.0' ],
686 silly audit   'to-regex-range': [ '5.0.1' ],
686 silly audit   encodeurl: [ '1.0.2' ],
686 silly audit   'escape-html': [ '1.0.3' ],
686 silly audit   'on-finished': [ '2.3.0' ],
686 silly audit   statuses: [ '1.3.1', '2.0.1', '1.4.0', '1.5.0' ],
686 silly audit   unpipe: [ '1.0.0' ],
686 silly audit   'graceful-fs': [ '4.2.10' ],
686 silly audit   jsonfile: [ '3.0.1' ],
686 silly audit   universalify: [ '0.1.2' ],
686 silly audit   eventemitter3: [ '4.0.7' ],
686 silly audit   'follow-redirects': [ '1.14.9' ],
686 silly audit   'requires-port': [ '1.0.0' ],
686 silly audit   'binary-extensions': [ '2.2.0' ],
686 silly audit   'is-extglob': [ '2.1.1' ],
686 silly audit   axios: [ '0.21.4' ],
686 silly audit   openurl: [ '1.1.1' ],
686 silly audit   'ee-first': [ '1.1.1' ],
686 silly audit   'is-wsl': [ '1.1.0' ],
686 silly audit   async: [ '1.5.2' ],
686 silly audit   'is-number-like': [ '1.0.8' ],
686 silly audit   'lodash.isfinite': [ '3.3.2' ],
686 silly audit   bytes: [ '3.1.2' ],
686 silly audit   'http-errors': [ '2.0.0', '1.6.3' ],
686 silly audit   'iconv-lite': [ '0.4.24' ],
686 silly audit   depd: [ '2.0.0', '1.1.2' ],
686 silly audit   inherits: [ '2.0.4', '2.0.3' ],
686 silly audit   setprototypeof: [ '1.2.0', '1.1.0' ],
686 silly audit   toidentifier: [ '1.0.1' ],
686 silly audit   'safer-buffer': [ '2.1.2' ],
686 silly audit   minimatch: [ '3.1.2' ],
686 silly audit   'brace-expansion': [ '1.1.11' ],
686 silly audit   'balanced-match': [ '1.0.2' ],
686 silly audit   'concat-map': [ '0.0.1' ],
686 silly audit   'symbol-observable': [ '1.0.1' ],
686 silly audit   destroy: [ '1.0.4' ],
686 silly audit   mime: [ '1.4.1' ],
686 silly audit   'range-parser': [ '1.2.1' ],
686 silly audit   accepts: [ '1.3.8' ],
686 silly audit   batch: [ '0.6.1' ],
686 silly audit   'mime-types': [ '2.1.35' ],
686 silly audit   negotiator: [ '0.6.3' ],
686 silly audit   'mime-db': [ '1.52.0' ],
686 silly audit   base64id: [ '2.0.0' ],
686 silly audit   'engine.io': [ '6.2.0' ],
686 silly audit   'socket.io-adapter': [ '2.4.0' ],
686 silly audit   'socket.io-parser': [ '4.0.4', '4.2.0' ],
686 silly audit   '@types/cookie': [ '0.4.1' ],
686 silly audit   '@types/cors': [ '2.8.12' ],
686 silly audit   '@types/node': [ '17.0.29' ],
686 silly audit   cookie: [ '0.4.2' ],
686 silly audit   cors: [ '2.8.5' ],
686 silly audit   'engine.io-parser': [ '5.0.3' ],
686 silly audit   ws: [ '8.2.3' ],
686 silly audit   'object-assign': [ '4.1.1' ],
686 silly audit   vary: [ '1.1.2' ],
686 silly audit   '@socket.io/base64-arraybuffer': [ '1.0.2' ],
686 silly audit   '@socket.io/component-emitter': [ '3.1.0' ],
686 silly audit   'engine.io-client': [ '6.2.1' ],
686 silly audit   'xmlhttprequest-ssl': [ '2.0.0' ],
686 silly audit   '@types/component-emitter': [ '1.2.11' ],
686 silly audit   'component-emitter': [ '1.3.0' ],
686 silly audit   commander: [ '2.20.3' ],
686 silly audit   limiter: [ '1.1.5' ],
686 silly audit   chalk: [ '1.1.3' ],
686 silly audit   dlv: [ '1.1.3' ],
686 silly audit   'ansi-styles': [ '2.2.1', '4.3.0' ],
686 silly audit   'escape-string-regexp': [ '1.0.5' ],
686 silly audit   'has-ansi': [ '2.0.0' ],
686 silly audit   'strip-ansi': [ '3.0.1', '6.0.1' ],
686 silly audit   'supports-color': [ '2.0.0' ],
686 silly audit   'ansi-regex': [ '2.1.1', '5.0.1' ],
686 silly audit   'is-number': [ '7.0.0' ],
686 silly audit   cliui: [ '7.0.4' ],
686 silly audit   escalade: [ '3.1.1' ],
686 silly audit   'get-caller-file': [ '2.0.5' ],
686 silly audit   'require-directory': [ '2.1.1' ],
686 silly audit   'string-width': [ '4.2.3' ],
686 silly audit   y18n: [ '5.0.8' ],
686 silly audit   'yargs-parser': [ '21.0.1', '20.2.9' ],
686 silly audit   'wrap-ansi': [ '7.0.0' ],
686 silly audit   'emoji-regex': [ '8.0.0' ],
686 silly audit   'is-fullwidth-code-point': [ '3.0.0' ],
686 silly audit   'color-convert': [ '2.0.1' ],
686 silly audit   'color-name': [ '1.1.4' ]
686 silly audit }
687 silly tarball no local data for @types/node@https://registry.npmjs.org/@types/node/-/node-17.0.29.tgz. Extracting by manifest.
688 silly tarball no local data for @socket.io/component-emitter@https://registry.npmjs.org/@socket.io/component-emitter/-/component-emitter-3.1.0.tgz. Extracting by manifest.
689 silly tarball no local data for socket.io-adapter@https://registry.npmjs.org/socket.io-adapter/-/socket.io-adapter-2.4.0.tgz. Extracting by manifest.
690 silly tarball no local data for socket.io-parser@https://registry.npmjs.org/socket.io-parser/-/socket.io-parser-4.2.0.tgz. Extracting by manifest.
691 http fetch POST 200 https://registry.npmjs.org/-/npm/v1/security/advisories/bulk 576ms
692 timing auditReport:getReport Completed in 580ms
693 silly audit report {
693 silly audit report   async: [
693 silly audit report     {
693 silly audit report       id: 1070206,
693 silly audit report       url: 'https://github.com/advisories/GHSA-fwr7-v2mv-hh25',
693 silly audit report       title: 'Prototype Pollution in async',
693 silly audit report       severity: 'high',
693 silly audit report       vulnerable_versions: '<2.6.4',
693 silly audit report       cwe: [Array],
693 silly audit report       cvss: [Object]
693 silly audit report     }
693 silly audit report   ]
693 silly audit report }
694 timing metavuln:packument:async Completed in 0ms
695 silly tarball no local data for socket.io-client@https://registry.npmjs.org/socket.io-client/-/socket.io-client-4.5.0.tgz. Extracting by manifest.
696 silly tarball no local data for socket.io@https://registry.npmjs.org/socket.io/-/socket.io-4.5.0.tgz. Extracting by manifest.
697 silly tarball no local data for engine.io-client@https://registry.npmjs.org/engine.io-client/-/engine.io-client-6.2.1.tgz. Extracting by manifest.
698 silly tarball no local data for engine.io@https://registry.npmjs.org/engine.io/-/engine.io-6.2.0.tgz. Extracting by manifest.
699 timing reifyNode:node_modules/browser-sync/node_modules/async-each-series Completed in 832ms
700 timing reifyNode:node_modules/browser-sync/node_modules/@types/component-emitter Completed in 864ms
701 timing reifyNode:node_modules/browser-sync/node_modules/object-assign Completed in 865ms
702 timing reifyNode:node_modules/browser-sync/node_modules/@types/cookie Completed in 865ms
703 timing reifyNode:node_modules/browser-sync/node_modules/@types/cors Completed in 867ms
704 timing reifyNode:node_modules/browser-sync/node_modules/universalify Completed in 894ms
705 timing reifyNode:node_modules/browser-sync/node_modules/strip-ansi Completed in 895ms
706 timing reifyNode:node_modules/browser-sync/node_modules/supports-color Completed in 895ms
707 timing reifyNode:node_modules/browser-sync/node_modules/socket.io-client/node_modules/ms Completed in 894ms
708 timing reifyNode:node_modules/browser-sync/node_modules/socket.io-parser/node_modules/ms Completed in 895ms
709 timing reifyNode:node_modules/browser-sync/node_modules/socket.io/node_modules/ms Completed in 899ms
710 timing reifyNode:node_modules/browser-sync/node_modules/openurl Completed in 901ms
711 timing reifyNode:node_modules/browser-sync/node_modules/ms Completed in 902ms
712 timing reifyNode:node_modules/browser-sync/node_modules/lodash.isfinite Completed in 901ms
713 timing reifyNode:node_modules/browser-sync/node_modules/localtunnel/node_modules/ms Completed in 903ms
714 timing reifyNode:node_modules/browser-sync/node_modules/is-wsl Completed in 904ms
715 timing reifyNode:node_modules/browser-sync/node_modules/is-extglob Completed in 904ms
716 timing reifyNode:node_modules/browser-sync/node_modules/normalize-path Completed in 907ms
717 timing reifyNode:node_modules/browser-sync/node_modules/has-ansi Completed in 906ms
718 timing reifyNode:node_modules/browser-sync/node_modules/is-number Completed in 906ms
719 timing reifyNode:node_modules/browser-sync/node_modules/escape-html Completed in 907ms
720 timing reifyNode:node_modules/browser-sync/node_modules/engine.io/node_modules/ms Completed in 907ms
721 timing reifyNode:node_modules/browser-sync/node_modules/engine.io-client/node_modules/ms Completed in 908ms
722 timing reifyNode:node_modules/browser-sync/node_modules/ee-first Completed in 908ms
723 timing reifyNode:node_modules/browser-sync/node_modules/destroy Completed in 910ms
724 timing reifyNode:node_modules/browser-sync/node_modules/chalk Completed in 917ms
725 timing reifyNode:node_modules/browser-sync/node_modules/brace-expansion Completed in 918ms
726 timing reifyNode:node_modules/browser-sync/node_modules/ansi-styles Completed in 919ms
727 timing reifyNode:node_modules/browser-sync/node_modules/ansi-regex Completed in 919ms
728 timing reifyNode:node_modules/browser-sync/node_modules/escape-string-regexp Completed in 923ms
729 timing reifyNode:node_modules/browser-sync/node_modules/is-glob Completed in 931ms
730 timing reifyNode:node_modules/browser-sync/node_modules/wrap-ansi/node_modules/ansi-regex Completed in 934ms
731 timing reifyNode:node_modules/browser-sync/node_modules/wrap-ansi/node_modules/strip-ansi Completed in 934ms
732 timing reifyNode:node_modules/browser-sync/node_modules/vary Completed in 934ms
733 timing reifyNode:node_modules/browser-sync/node_modules/toidentifier Completed in 934ms
734 timing reifyNode:node_modules/browser-sync/node_modules/string-width/node_modules/strip-ansi Completed in 934ms
735 timing reifyNode:node_modules/browser-sync/node_modules/string-width/node_modules/ansi-regex Completed in 934ms
736 timing reifyNode:node_modules/browser-sync/node_modules/color-name Completed in 928ms
737 timing reifyNode:node_modules/browser-sync/node_modules/to-regex-range Completed in 935ms
738 timing reifyNode:node_modules/browser-sync/node_modules/utils-merge Completed in 936ms
739 timing reifyNode:node_modules/browser-sync/node_modules/server-destroy Completed in 935ms
740 timing reifyNode:node_modules/browser-sync/node_modules/send/node_modules/setprototypeof Completed in 935ms
741 timing reifyNode:node_modules/browser-sync/node_modules/serve-index/node_modules/inherits Completed in 935ms
742 timing reifyNode:node_modules/browser-sync/node_modules/serve-index/node_modules/setprototypeof Completed in 935ms
743 timing reifyNode:node_modules/browser-sync/node_modules/unpipe Completed in 937ms
744 timing reifyNode:node_modules/browser-sync/node_modules/range-parser Completed in 935ms
745 timing reifyNode:node_modules/browser-sync/node_modules/parseurl Completed in 936ms
746 timing reifyNode:node_modules/browser-sync/node_modules/on-finished Completed in 937ms
747 timing reifyNode:node_modules/browser-sync/node_modules/is-binary-path Completed in 935ms
748 timing reifyNode:node_modules/browser-sync/node_modules/inherits Completed in 936ms
749 timing reifyNode:node_modules/browser-sync/node_modules/glob-parent Completed in 938ms
750 timing reifyNode:node_modules/browser-sync/node_modules/is-fullwidth-code-point Completed in 940ms
751 timing reifyNode:node_modules/browser-sync/node_modules/fresh Completed in 945ms
752 timing reifyNode:node_modules/browser-sync/node_modules/etag Completed in 946ms
753 timing reifyNode:node_modules/browser-sync/node_modules/encodeurl Completed in 948ms
754 timing reifyNode:node_modules/browser-sync/node_modules/fill-range Completed in 948ms
755 timing reifyNode:node_modules/browser-sync/node_modules/finalhandler Completed in 949ms
756 timing reifyNode:node_modules/browser-sync/node_modules/component-emitter Completed in 948ms
757 timing reifyNode:node_modules/browser-sync/node_modules/cliui/node_modules/strip-ansi Completed in 949ms
758 timing reifyNode:node_modules/browser-sync/node_modules/cliui/node_modules/ansi-regex Completed in 949ms
759 timing reifyNode:node_modules/browser-sync/node_modules/bytes Completed in 949ms
760 timing reifyNode:node_modules/browser-sync/node_modules/anymatch Completed in 948ms
761 timing reifyNode:node_modules/browser-sync/node_modules/accepts Completed in 949ms
762 timing reifyNode:node_modules/browser-sync/node_modules/wrap-ansi/node_modules/ansi-styles Completed in 959ms
763 timing reifyNode:node_modules/browser-sync/node_modules/statuses Completed in 959ms
764 timing reifyNode:node_modules/browser-sync/node_modules/send/node_modules/inherits Completed in 958ms
765 timing reifyNode:node_modules/browser-sync/node_modules/send/node_modules/http-errors Completed in 959ms
766 timing reifyNode:node_modules/browser-sync/node_modules/serve-index/node_modules/http-errors Completed in 959ms
767 timing reifyNode:node_modules/browser-sync/node_modules/send/node_modules/statuses Completed in 959ms
768 timing reifyNode:node_modules/browser-sync/node_modules/micromatch Completed in 958ms
769 timing reifyNode:node_modules/browser-sync/node_modules/get-caller-file Completed in 959ms
770 timing reifyNode:node_modules/browser-sync/node_modules/cookie Completed in 957ms
771 timing reifyNode:node_modules/browser-sync/node_modules/bs-snippet-injector Completed in 958ms
772 timing metavuln:cache:get:security-advisory:async:WFyfJ5CCGrpHtYucwAKG7Z02f+7xI7qr61DrlwFMnEuIwq14thmHbrwSl/GTfb9wQaTPP80IV7l2F/0iHfBdmg== Completed in 393ms
773 timing metavuln:load:security-advisory:async:1070206 Completed in 2ms
774 timing metavuln:calculate:security-advisory:async:1070206 Completed in 396ms
775 timing metavuln:packument:portscanner Completed in 1ms
776 timing reifyNode:node_modules/browser-sync/node_modules/serve-static Completed in 976ms
777 timing reifyNode:node_modules/browser-sync/node_modules/requires-port Completed in 976ms
778 timing reifyNode:node_modules/browser-sync/node_modules/resp-modifier Completed in 976ms
779 timing reifyNode:node_modules/browser-sync/node_modules/opn Completed in 975ms
780 timing reifyNode:node_modules/browser-sync/node_modules/mime-types Completed in 975ms
781 timing reifyNode:node_modules/browser-sync/node_modules/readdirp Completed in 976ms
782 timing reifyNode:node_modules/browser-sync/node_modules/minimatch Completed in 976ms
783 timing reifyNode:node_modules/browser-sync/node_modules/jsonfile Completed in 977ms
784 timing reifyNode:node_modules/browser-sync/node_modules/http-errors/node_modules/statuses Completed in 985ms
785 timing reifyNode:node_modules/browser-sync/node_modules/binary-extensions Completed in 985ms
786 timing reifyNode:node_modules/browser-sync/node_modules/require-directory Completed in 995ms
787 timing reifyNode:node_modules/browser-sync/node_modules/graceful-fs Completed in 994ms
788 timing reifyNode:node_modules/browser-sync/node_modules/easy-extender Completed in 992ms
789 timing reifyNode:node_modules/browser-sync/node_modules/connect-history-api-fallback Completed in 993ms
790 timing reifyNode:node_modules/browser-sync/node_modules/balanced-match Completed in 992ms
791 timing reifyNode:node_modules/browser-sync/node_modules/base64id Completed in 993ms
792 timing reifyNode:node_modules/browser-sync/node_modules/batch Completed in 993ms
793 timing reifyNode:node_modules/browser-sync/node_modules/setprototypeof Completed in 1003ms
794 timing reifyNode:node_modules/browser-sync/node_modules/serve-index/node_modules/statuses Completed in 1002ms
795 timing reifyNode:node_modules/browser-sync/node_modules/raw-body Completed in 1001ms
796 timing reifyNode:node_modules/browser-sync/node_modules/portscanner Completed in 1002ms
797 timing reifyNode:node_modules/browser-sync/node_modules/follow-redirects Completed in 1001ms
798 timing reifyNode:node_modules/browser-sync/node_modules/color-convert Completed in 1000ms
799 timing reifyNode:node_modules/browser-sync/node_modules/tfunk Completed in 1018ms
800 timing reifyNode:node_modules/browser-sync/node_modules/wrap-ansi Completed in 1018ms
801 timing reifyNode:node_modules/browser-sync/node_modules/safer-buffer Completed in 1017ms
802 timing reifyNode:node_modules/browser-sync/node_modules/string-width Completed in 1024ms
803 timing reifyNode:node_modules/browser-sync/node_modules/socket.io/node_modules/debug Completed in 1025ms
804 timing reifyNode:node_modules/browser-sync/node_modules/socket.io-parser/node_modules/debug Completed in 1025ms
805 timing reifyNode:node_modules/browser-sync/node_modules/socket.io-client/node_modules/debug Completed in 1026ms
806 timing reifyNode:node_modules/browser-sync/node_modules/localtunnel/node_modules/debug Completed in 1028ms
807 timing reifyNode:node_modules/browser-sync/node_modules/http-errors Completed in 1027ms
808 timing reifyNode:node_modules/browser-sync/node_modules/engine.io-client/node_modules/debug Completed in 1028ms
809 timing reifyNode:node_modules/browser-sync/node_modules/engine.io/node_modules/debug Completed in 1028ms
810 timing reifyNode:node_modules/browser-sync/node_modules/cors Completed in 1027ms
811 timing reifyNode:node_modules/browser-sync/node_modules/dlv Completed in 1033ms
812 timing reifyNode:node_modules/browser-sync/node_modules/mime Completed in 1040ms
813 timing reifyNode:node_modules/browser-sync/node_modules/eazy-logger Completed in 1040ms
814 timing reifyNode:node_modules/browser-sync/node_modules/concat-map Completed in 1041ms
815 timing reifyNode:node_modules/browser-sync/node_modules/connect Completed in 1041ms
816 timing reifyNode:node_modules/browser-sync/node_modules/emoji-regex Completed in 1049ms
817 timing reifyNode:node_modules/browser-sync/node_modules/send Completed in 1051ms
818 timing reifyNode:node_modules/browser-sync/node_modules/commander Completed in 1058ms
819 timing reifyNode:node_modules/browser-sync/node_modules/negotiator Completed in 1097ms
820 timing reifyNode:node_modules/browser-sync/node_modules/eventemitter3 Completed in 1106ms
821 timing reifyNode:node_modules/browser-sync/node_modules/escalade Completed in 1107ms
822 timing reifyNode:node_modules/browser-sync/node_modules/depd Completed in 1106ms
823 timing metavuln:cache:get:security-advisory:portscanner:YQJf/N0fXR36QFQ1c+atSE7J8/rG3djFZNKDgMWwW7QBkTBuXa8h0+Ev3p5WlFW650QU4o7V9mZAeIoM5PmXow== Completed in 156ms
824 timing metavuln:load:security-advisory:portscanner:WFyfJ5CCGrpHtYucwAKG7Z02f+7xI7qr61DrlwFMnEuIwq14thmHbrwSl/GTfb9wQaTPP80IV7l2F/0iHfBdmg== Completed in 0ms
825 timing metavuln:calculate:security-advisory:portscanner:WFyfJ5CCGrpHtYucwAKG7Z02f+7xI7qr61DrlwFMnEuIwq14thmHbrwSl/GTfb9wQaTPP80IV7l2F/0iHfBdmg== Completed in 156ms
826 timing auditReport:init Completed in 560ms
827 timing reify:audit Completed in 1141ms
828 timing reifyNode:node_modules/browser-sync/node_modules/symbol-observable Completed in 1134ms
829 timing reifyNode:node_modules/browser-sync/node_modules/fsevents Completed in 1133ms
830 timing reifyNode:node_modules/browser-sync/node_modules/mitt Completed in 1142ms
831 timing reifyNode:node_modules/browser-sync/node_modules/braces Completed in 1171ms
832 timing reifyNode:node_modules/browser-sync/node_modules/stream-throttle Completed in 1190ms
833 timing reifyNode:node_modules/browser-sync/node_modules/y18n Completed in 1198ms
834 timing reifyNode:node_modules/browser-sync/node_modules/picomatch Completed in 1196ms
835 timing reifyNode:node_modules/browser-sync/node_modules/mime-db Completed in 1196ms
836 timing reifyNode:node_modules/browser-sync/node_modules/limiter Completed in 1197ms
837 timing reifyNode:node_modules/browser-sync/node_modules/socket.io-parser Completed in 1208ms
838 timing reifyNode:node_modules/browser-sync/node_modules/is-number-like Completed in 1208ms
839 timing reifyNode:node_modules/browser-sync/node_modules/@socket.io/base64-arraybuffer Completed in 1217ms
840 timing reifyNode:node_modules/browser-sync/node_modules/chokidar Completed in 1213ms
841 timing reifyNode:node_modules/browser-sync/node_modules/debug Completed in 1222ms
842 timing reifyNode:node_modules/browser-sync/node_modules/cliui Completed in 1222ms
843 timing reifyNode:node_modules/browser-sync/node_modules/dev-ip Completed in 1223ms
844 timing reifyNode:node_modules/browser-sync/node_modules/serve-index/node_modules/depd Completed in 1230ms
845 timing reifyNode:node_modules/browser-sync/node_modules/send/node_modules/depd Completed in 1231ms
846 timing reifyNode:node_modules/browser-sync/node_modules/async Completed in 1229ms
847 timing reifyNode:node_modules/browser-sync/node_modules/xmlhttprequest-ssl Completed in 1238ms
848 timing reifyNode:node_modules/browser-sync/node_modules/localtunnel Completed in 1244ms
849 timing reifyNode:node_modules/browser-sync/node_modules/yargs-parser Completed in 1258ms
850 timing reifyNode:node_modules/browser-sync/node_modules/localtunnel/node_modules/yargs-parser Completed in 1256ms
851 http fetch GET 200 https://registry.npmjs.org/@socket.io/component-emitter/-/component-emitter-3.1.0.tgz 1174ms (cache miss)
852 timing reifyNode:node_modules/browser-sync/node_modules/@socket.io/component-emitter Completed in 1273ms
853 http fetch GET 200 https://registry.npmjs.org/socket.io-adapter/-/socket.io-adapter-2.4.0.tgz 1173ms (cache miss)
854 timing reifyNode:node_modules/browser-sync/node_modules/socket.io-adapter Completed in 1279ms
855 timing reifyNode:node_modules/browser-sync/node_modules/qs Completed in 1277ms
856 timing reifyNode:node_modules/browser-sync/node_modules/ws Completed in 1295ms
857 timing reifyNode:node_modules/browser-sync/node_modules/engine.io-parser Completed in 1294ms
858 timing reifyNode:node_modules/browser-sync/node_modules/http-proxy Completed in 1310ms
859 timing reifyNode:node_modules/browser-sync/node_modules/iconv-lite Completed in 1334ms
860 timing reifyNode:node_modules/browser-sync/node_modules/immutable Completed in 1347ms
861 timing reifyNode:node_modules/browser-sync/node_modules/browser-sync-client Completed in 1346ms
862 timing reifyNode:node_modules/browser-sync/node_modules/ua-parser-js Completed in 1373ms
863 http fetch GET 200 https://registry.npmjs.org/socket.io-parser/-/socket.io-parser-4.2.0.tgz 1263ms (cache miss)
864 timing reifyNode:node_modules/browser-sync/node_modules/socket.io-client/node_modules/socket.io-parser Completed in 1377ms
865 http fetch GET 200 https://registry.npmjs.org/engine.io/-/engine.io-6.2.0.tgz 802ms (cache miss)
866 timing reifyNode:node_modules/browser-sync/node_modules/engine.io Completed in 1420ms
867 timing reifyNode:node_modules/browser-sync/node_modules/axios Completed in 1434ms
868 timing reifyNode:node_modules/browser-sync/node_modules/yargs Completed in 1481ms
869 timing reifyNode:node_modules/browser-sync/node_modules/localtunnel/node_modules/yargs Completed in 1482ms
870 timing reifyNode:node_modules/browser-sync/node_modules/serve-index Completed in 1493ms
871 timing reifyNode:node_modules/browser-sync/node_modules/fs-extra Completed in 1490ms
872 http fetch GET 200 https://registry.npmjs.org/socket.io/-/socket.io-4.5.0.tgz 904ms (cache miss)
873 timing reifyNode:node_modules/browser-sync/node_modules/socket.io Completed in 1517ms
874 http fetch GET 200 https://registry.npmjs.org/socket.io-client/-/socket.io-client-4.5.0.tgz 999ms (cache miss)
875 timing reifyNode:node_modules/browser-sync/node_modules/socket.io-client Completed in 1602ms
876 http fetch GET 200 https://registry.npmjs.org/@types/node/-/node-17.0.29.tgz 1543ms (cache miss)
877 timing reifyNode:node_modules/browser-sync/node_modules/@types/node Completed in 1636ms
878 timing reifyNode:node_modules/browser-sync Completed in 1643ms
879 http fetch GET 200 https://registry.npmjs.org/engine.io-client/-/engine.io-client-6.2.1.tgz 1035ms (cache miss)
880 timing reifyNode:node_modules/browser-sync/node_modules/engine.io-client Completed in 1649ms
881 timing reifyNode:node_modules/browser-sync/node_modules/browser-sync-ui Completed in 2112ms
882 timing reifyNode:node_modules/browser-sync/node_modules/bs-recipes Completed in 2317ms
883 timing reifyNode:node_modules/browser-sync/node_modules/rx Completed in 2409ms
884 timing reifyNode:node_modules/browser-sync/node_modules/lodash Completed in 2527ms
885 timing reifyNode:node_modules/browser-sync/node_modules/rxjs Completed in 3182ms
886 timing reify:unpack Completed in 3187ms
887 timing reify:unretire Completed in 0ms
888 timing build:queue Completed in 4ms
889 timing build:link:node_modules/browser-sync/node_modules/dev-ip Completed in 3ms
890 timing build:link:node_modules/browser-sync/node_modules/mime Completed in 4ms
891 timing build:link:node_modules/browser-sync/node_modules/stream-throttle Completed in 4ms
892 timing build:link:node_modules/browser-sync/node_modules/localtunnel Completed in 4ms
893 timing build:link:node_modules/browser-sync Completed in 4ms
894 timing build:link Completed in 5ms
895 timing build:deps Completed in 9ms
896 timing build Completed in 9ms
897 timing reify:build Completed in 10ms
898 timing reify:trash Completed in 916ms
899 timing reify Completed in 10222ms
900 silly CHANGE node_modules/browser-sync
901 silly CHANGE node_modules/browser-sync/node_modules/@types/component-emitter
902 silly CHANGE node_modules/browser-sync/node_modules/@types/node
903 silly CHANGE node_modules/browser-sync/node_modules/emoji-regex
904 silly CHANGE node_modules/browser-sync/node_modules/object-assign
905 silly CHANGE node_modules/browser-sync/node_modules/is-glob
906 silly CHANGE node_modules/browser-sync/node_modules/@types/cookie
907 silly CHANGE node_modules/browser-sync/node_modules/@socket.io/component-emitter
908 silly CHANGE node_modules/browser-sync/node_modules/@types/cors
909 silly CHANGE node_modules/browser-sync/node_modules/@socket.io/base64-arraybuffer
910 silly CHANGE node_modules/browser-sync/node_modules/y18n
911 silly CHANGE node_modules/browser-sync/node_modules/yargs-parser
912 silly CHANGE node_modules/browser-sync/node_modules/xmlhttprequest-ssl
913 silly CHANGE node_modules/browser-sync/node_modules/yargs
914 silly CHANGE node_modules/browser-sync/node_modules/ws
915 silly CHANGE node_modules/browser-sync/node_modules/wrap-ansi
916 silly CHANGE node_modules/browser-sync/node_modules/wrap-ansi/node_modules/strip-ansi
917 silly CHANGE node_modules/browser-sync/node_modules/wrap-ansi/node_modules/ansi-regex
918 silly CHANGE node_modules/browser-sync/node_modules/wrap-ansi/node_modules/ansi-styles
919 silly CHANGE node_modules/browser-sync/node_modules/vary
920 silly CHANGE node_modules/browser-sync/node_modules/ua-parser-js
921 silly CHANGE node_modules/browser-sync/node_modules/utils-merge
922 silly CHANGE node_modules/browser-sync/node_modules/unpipe
923 silly CHANGE node_modules/browser-sync/node_modules/universalify
924 silly CHANGE node_modules/browser-sync/node_modules/toidentifier
925 silly CHANGE node_modules/browser-sync/node_modules/symbol-observable
926 silly CHANGE node_modules/browser-sync/node_modules/to-regex-range
927 silly CHANGE node_modules/browser-sync/node_modules/tfunk
928 silly CHANGE node_modules/browser-sync/node_modules/supports-color
929 silly CHANGE node_modules/browser-sync/node_modules/strip-ansi
930 silly CHANGE node_modules/browser-sync/node_modules/string-width
931 silly CHANGE node_modules/browser-sync/node_modules/string-width/node_modules/strip-ansi
932 silly CHANGE node_modules/browser-sync/node_modules/string-width/node_modules/ansi-regex
933 silly CHANGE node_modules/browser-sync/node_modules/stream-throttle
934 silly CHANGE node_modules/browser-sync/node_modules/setprototypeof
935 silly CHANGE node_modules/browser-sync/node_modules/statuses
936 silly CHANGE node_modules/browser-sync/node_modules/socket.io-client
937 silly CHANGE node_modules/browser-sync/node_modules/socket.io-client/node_modules/debug
938 silly CHANGE node_modules/browser-sync/node_modules/socket.io-client/node_modules/socket.io-parser
939 silly CHANGE node_modules/browser-sync/node_modules/socket.io-client/node_modules/ms
940 silly CHANGE node_modules/browser-sync/node_modules/socket.io-parser
941 silly CHANGE node_modules/browser-sync/node_modules/socket.io-parser/node_modules/ms
942 silly CHANGE node_modules/browser-sync/node_modules/socket.io-parser/node_modules/debug
943 silly CHANGE node_modules/browser-sync/node_modules/socket.io-adapter
944 silly CHANGE node_modules/browser-sync/node_modules/socket.io
945 silly CHANGE node_modules/browser-sync/node_modules/socket.io/node_modules/ms
946 silly CHANGE node_modules/browser-sync/node_modules/socket.io/node_modules/debug
947 silly CHANGE node_modules/browser-sync/node_modules/server-destroy
948 silly CHANGE node_modules/browser-sync/node_modules/serve-static
949 silly CHANGE node_modules/browser-sync/node_modules/serve-index
950 silly CHANGE node_modules/browser-sync/node_modules/serve-index/node_modules/statuses
951 silly CHANGE node_modules/browser-sync/node_modules/serve-index/node_modules/setprototypeof
952 silly CHANGE node_modules/browser-sync/node_modules/serve-index/node_modules/inherits
953 silly CHANGE node_modules/browser-sync/node_modules/serve-index/node_modules/http-errors
954 silly CHANGE node_modules/browser-sync/node_modules/serve-index/node_modules/depd
955 silly CHANGE node_modules/browser-sync/node_modules/send
956 silly CHANGE node_modules/browser-sync/node_modules/send/node_modules/inherits
957 silly CHANGE node_modules/browser-sync/node_modules/send/node_modules/http-errors
958 silly CHANGE node_modules/browser-sync/node_modules/send/node_modules/statuses
959 silly CHANGE node_modules/browser-sync/node_modules/send/node_modules/setprototypeof
960 silly CHANGE node_modules/browser-sync/node_modules/send/node_modules/depd
961 silly CHANGE node_modules/browser-sync/node_modules/safer-buffer
962 silly CHANGE node_modules/browser-sync/node_modules/rxjs
963 silly CHANGE node_modules/browser-sync/node_modules/rx
964 silly CHANGE node_modules/browser-sync/node_modules/resp-modifier
965 silly CHANGE node_modules/browser-sync/node_modules/requires-port
966 silly CHANGE node_modules/browser-sync/node_modules/require-directory
967 silly CHANGE node_modules/browser-sync/node_modules/raw-body
968 silly CHANGE node_modules/browser-sync/node_modules/readdirp
969 silly CHANGE node_modules/browser-sync/node_modules/range-parser
970 silly CHANGE node_modules/browser-sync/node_modules/opn
971 silly CHANGE node_modules/browser-sync/node_modules/qs
972 silly CHANGE node_modules/browser-sync/node_modules/portscanner
973 silly CHANGE node_modules/browser-sync/node_modules/picomatch
974 silly CHANGE node_modules/browser-sync/node_modules/parseurl
975 silly CHANGE node_modules/browser-sync/node_modules/mime-types
976 silly CHANGE node_modules/browser-sync/node_modules/openurl
977 silly CHANGE node_modules/browser-sync/node_modules/on-finished
978 silly CHANGE node_modules/browser-sync/node_modules/async-each-series
979 silly CHANGE node_modules/browser-sync/node_modules/normalize-path
980 silly CHANGE node_modules/browser-sync/node_modules/negotiator
981 silly CHANGE node_modules/browser-sync/node_modules/ms
982 silly CHANGE node_modules/browser-sync/node_modules/mitt
983 silly CHANGE node_modules/browser-sync/node_modules/minimatch
984 silly CHANGE node_modules/browser-sync/node_modules/mime
985 silly CHANGE node_modules/browser-sync/node_modules/mime-db
986 silly CHANGE node_modules/browser-sync/node_modules/micromatch
987 silly CHANGE node_modules/browser-sync/node_modules/lodash.isfinite
988 silly CHANGE node_modules/browser-sync/node_modules/lodash
989 silly CHANGE node_modules/browser-sync/node_modules/localtunnel
990 silly CHANGE node_modules/browser-sync/node_modules/localtunnel/node_modules/yargs-parser
991 silly CHANGE node_modules/browser-sync/node_modules/localtunnel/node_modules/ms
992 silly CHANGE node_modules/browser-sync/node_modules/localtunnel/node_modules/yargs
993 silly CHANGE node_modules/browser-sync/node_modules/localtunnel/node_modules/debug
994 silly CHANGE node_modules/browser-sync/node_modules/jsonfile
995 silly CHANGE node_modules/browser-sync/node_modules/is-wsl
996 silly CHANGE node_modules/browser-sync/node_modules/is-number-like
997 silly CHANGE node_modules/browser-sync/node_modules/limiter
998 silly CHANGE node_modules/browser-sync/node_modules/is-number
999 silly CHANGE node_modules/browser-sync/node_modules/is-fullwidth-code-point
1000 silly CHANGE node_modules/browser-sync/node_modules/is-extglob
1001 silly CHANGE node_modules/browser-sync/node_modules/is-binary-path
1002 silly CHANGE node_modules/browser-sync/node_modules/immutable
1003 silly CHANGE node_modules/browser-sync/node_modules/inherits
1004 silly CHANGE node_modules/browser-sync/node_modules/iconv-lite
1005 silly CHANGE node_modules/browser-sync/node_modules/http-errors
1006 silly CHANGE node_modules/browser-sync/node_modules/http-errors/node_modules/statuses
1007 silly CHANGE node_modules/browser-sync/node_modules/http-proxy
1008 silly CHANGE node_modules/browser-sync/node_modules/has-ansi
1009 silly CHANGE node_modules/browser-sync/node_modules/graceful-fs
1010 silly CHANGE node_modules/browser-sync/node_modules/glob-parent
1011 silly CHANGE node_modules/browser-sync/node_modules/get-caller-file
1012 silly CHANGE node_modules/browser-sync/node_modules/fsevents
1013 silly CHANGE node_modules/browser-sync/node_modules/follow-redirects
1014 silly CHANGE node_modules/browser-sync/node_modules/fs-extra
1015 silly CHANGE node_modules/browser-sync/node_modules/fresh
1016 silly CHANGE node_modules/browser-sync/node_modules/finalhandler
1017 silly CHANGE node_modules/browser-sync/node_modules/fill-range
1018 silly CHANGE node_modules/browser-sync/node_modules/eventemitter3
1019 silly CHANGE node_modules/browser-sync/node_modules/etag
1020 silly CHANGE node_modules/browser-sync/node_modules/escape-string-regexp
1021 silly CHANGE node_modules/browser-sync/node_modules/escape-html
1022 silly CHANGE node_modules/browser-sync/node_modules/escalade
1023 silly CHANGE node_modules/browser-sync/node_modules/engine.io-parser
1024 silly CHANGE node_modules/browser-sync/node_modules/engine.io-client
1025 silly CHANGE node_modules/browser-sync/node_modules/engine.io-client/node_modules/debug
1026 silly CHANGE node_modules/browser-sync/node_modules/engine.io-client/node_modules/ms
1027 silly CHANGE node_modules/browser-sync/node_modules/encodeurl
1028 silly CHANGE node_modules/browser-sync/node_modules/engine.io
1029 silly CHANGE node_modules/browser-sync/node_modules/engine.io/node_modules/ms
1030 silly CHANGE node_modules/browser-sync/node_modules/engine.io/node_modules/debug
1031 silly CHANGE node_modules/browser-sync/node_modules/ee-first
1032 silly CHANGE node_modules/browser-sync/node_modules/eazy-logger
1033 silly CHANGE node_modules/browser-sync/node_modules/dlv
1034 silly CHANGE node_modules/browser-sync/node_modules/easy-extender
1035 silly CHANGE node_modules/browser-sync/node_modules/dev-ip
1036 silly CHANGE node_modules/browser-sync/node_modules/depd
1037 silly CHANGE node_modules/browser-sync/node_modules/debug
1038 silly CHANGE node_modules/browser-sync/node_modules/destroy
1039 silly CHANGE node_modules/browser-sync/node_modules/cors
1040 silly CHANGE node_modules/browser-sync/node_modules/connect-history-api-fallback
1041 silly CHANGE node_modules/browser-sync/node_modules/cookie
1042 silly CHANGE node_modules/browser-sync/node_modules/concat-map
1043 silly CHANGE node_modules/browser-sync/node_modules/connect
1044 silly CHANGE node_modules/browser-sync/node_modules/component-emitter
1045 silly CHANGE node_modules/browser-sync/node_modules/commander
1046 silly CHANGE node_modules/browser-sync/node_modules/color-name
1047 silly CHANGE node_modules/browser-sync/node_modules/color-convert
1048 silly CHANGE node_modules/browser-sync/node_modules/cliui
1049 silly CHANGE node_modules/browser-sync/node_modules/cliui/node_modules/strip-ansi
1050 silly CHANGE node_modules/browser-sync/node_modules/cliui/node_modules/ansi-regex
1051 silly CHANGE node_modules/browser-sync/node_modules/chokidar
1052 silly CHANGE node_modules/browser-sync/node_modules/chalk
1053 silly CHANGE node_modules/browser-sync/node_modules/bytes
1054 silly CHANGE node_modules/browser-sync/node_modules/bs-snippet-injector
1055 silly CHANGE node_modules/browser-sync/node_modules/bs-recipes
1056 silly CHANGE node_modules/browser-sync/node_modules/browser-sync-client
1057 silly CHANGE node_modules/browser-sync/node_modules/browser-sync-ui
1058 silly CHANGE node_modules/browser-sync/node_modules/braces
1059 silly CHANGE node_modules/browser-sync/node_modules/brace-expansion
1060 silly CHANGE node_modules/browser-sync/node_modules/binary-extensions
1061 silly CHANGE node_modules/browser-sync/node_modules/base64id
1062 silly CHANGE node_modules/browser-sync/node_modules/batch
1063 silly CHANGE node_modules/browser-sync/node_modules/axios
1064 silly CHANGE node_modules/browser-sync/node_modules/balanced-match
1065 silly CHANGE node_modules/browser-sync/node_modules/async
1066 silly CHANGE node_modules/browser-sync/node_modules/anymatch
1067 silly CHANGE node_modules/browser-sync/node_modules/ansi-styles
1068 silly CHANGE node_modules/browser-sync/node_modules/ansi-regex
1069 silly CHANGE node_modules/browser-sync/node_modules/accepts
1070 timing command:install Completed in 10244ms
1071 verbose exit 0
1072 timing npm Completed in 10506ms
1073 info ok
